Using pre-set license
Desktop is 3840 x 1080 @ 60 Hz

 COMMAND LINE ARGUMENTS:
Unity
-adb2
-batchMode
-noUpm
-name
AssetImportWorker0
-projectPath
/home/emil/dev/2.5D platformer
-logFile
Logs/AssetImportWorker0.log
-srvPort
38855
Successfully changed project path to: /home/emil/dev/2.5D platformer
/home/emil/dev/2.5D platformer
Using Asset Import Pipeline V2.
Refreshing native plugins compatible for Editor in 115.71 ms, found 1 plugins.
Preloading 0 native plugins for Editor in 0.00 ms.
Initialize engine version: 2021.1.0b11 (ddf8e7a924bd)
[Subsystems] Discovering subsystems at path /home/emil/Unity/Hub/Editor/2021.1.0b11/Editor/Data/Resources/UnitySubsystems
[Subsystems] Discovering subsystems at path /home/emil/dev/2.5D platformer/Assets
GLX Extensions: GLX_EXT_visual_info GLX_EXT_visual_rating GLX_EXT_import_context GLX_SGIX_fbconfig GLX_SGIX_pbuffer GLX_SGI_video_sync GLX_SGI_swap_control GLX_EXT_swap_control GLX_EXT_swap_control_tear GLX_EXT_texture_from_pixmap GLX_EXT_buffer_age GLX_ARB_create_context GLX_ARB_create_context_profile GLX_EXT_create_context_es_profile GLX_EXT_create_context_es2_profile GLX_ARB_create_context_no_error GLX_ARB_create_context_robustness GLX_NV_delay_before_swap GLX_EXT_stereo_tree GLX_ARB_context_flush_control GLX_NV_robustness_video_memory_purge GLX_NV_multigpu_context GLX_ARB_multisample GLX_NV_float_buffer GLX_ARB_fbconfig_float GLX_EXT_framebuffer_sRGB GLX_NV_copy_image GLX_ARB_get_proc_address 
Renderer: GeForce GTX 1070/PCIe/SSE2
Vendor:   NVIDIA Corporation
Version:  4.5.0 NVIDIA 460.56
GLES:     0
 GL_AMD_multi_draw_indirect GL_AMD_seamless_cubemap_per_texture GL_AMD_vertex_shader_viewport_index GL_AMD_vertex_shader_layer GL_ARB_arrays_of_arrays GL_ARB_base_instance GL_ARB_bindless_texture GL_ARB_blend_func_extended GL_ARB_buffer_storage GL_ARB_clear_buffer_object GL_ARB_clear_texture GL_ARB_clip_control GL_ARB_color_buffer_float GL_ARB_compressed_texture_pixel_storage GL_ARB_conservative_depth GL_ARB_compute_shader GL_ARB_compute_variable_group_size GL_ARB_conditional_render_inverted GL_ARB_copy_buffer GL_ARB_copy_image GL_ARB_cull_distance GL_ARB_debug_output GL_ARB_depth_buffer_float GL_ARB_depth_clamp GL_ARB_depth_texture GL_ARB_derivative_control GL_ARB_direct_state_access GL_ARB_draw_buffers GL_ARB_draw_buffers_blend GL_ARB_draw_indirect GL_ARB_draw_elements_base_vertex GL_ARB_draw_instanced GL_ARB_enhanced_layouts GL_ARB_ES2_compatibility GL_ARB_ES3_compatibility GL_ARB_ES3_1_compatibility GL_ARB_ES3_2_compatibility GL_ARB_explicit_attrib_location GL_ARB_explicit_uniform_location GL_ARB_fragmen
t_coord_conventions GL_ARB_fragment_layer_viewport GL_ARB_fragment_program GL_ARB_fragment_program_shadow GL_ARB_fragment_shader GL_ARB_fragment_shader_interlock GL_ARB_framebuffer_no_attachments GL_ARB_framebuffer_object GL_ARB_framebuffer_sRGB GL_ARB_geometry_shader4 GL_ARB_get_program_binary GL_ARB_get_texture_sub_image GL_ARB_gl_spirv GL_ARB_gpu_shader5 GL_ARB_gpu_shader_fp64 GL_ARB_gpu_shader_int64 GL_ARB_half_float_pixel GL_ARB_half_float_vertex GL_ARB_imaging GL_ARB_indirect_parameters GL_ARB_instanced_arrays GL_ARB_internalformat_query GL_ARB_internalformat_query2 GL_ARB_invalidate_subdata GL_ARB_map_buffer_alignment GL_ARB_map_buffer_range GL_ARB_multi_bind GL_ARB_multi_draw_indirect GL_ARB_multisample GL_ARB_multitexture GL_ARB_occlusion_query GL_ARB_occlusion_query2 GL_ARB_parallel_shader_compile GL_ARB_pipeline_statistics_query GL_ARB_pixel_buffer_object GL_ARB_point_parameters GL_ARB_point_sprite GL_ARB_polygon_offset_clamp GL_ARB_post_depth_coverage GL_ARB_program_interface_query GL_ARB_provoki
ng_vertex GL_ARB_query_buffer_object GL_ARB_robust_buffer_access_behavior GL_ARB_robustness GL_ARB_sample_locations GL_ARB_sample_shading GL_ARB_sampler_objects GL_ARB_seamless_cube_map GL_ARB_seamless_cubemap_per_texture GL_ARB_separate_shader_objects GL_ARB_shader_atomic_counter_ops GL_ARB_shader_atomic_counters GL_ARB_shader_ballot GL_ARB_shader_bit_encoding GL_ARB_shader_clock GL_ARB_shader_draw_parameters GL_ARB_shader_group_vote GL_ARB_shader_image_load_store GL_ARB_shader_image_size GL_ARB_shader_objects GL_ARB_shader_precision GL_ARB_shader_storage_buffer_object GL_ARB_shader_subroutine GL_ARB_shader_texture_image_samples GL_ARB_shader_texture_lod GL_ARB_shading_language_100 GL_ARB_shader_viewport_layer_array GL_ARB_shading_language_420pack GL_ARB_shading_language_include GL_ARB_shading_language_packing GL_ARB_shadow GL_ARB_sparse_buffer GL_ARB_sparse_texture GL_ARB_sparse_texture2 GL_ARB_sparse_texture_clamp GL_ARB_spirv_extensions GL_ARB_stencil_texturing GL_ARB_sync GL_ARB_tessellation_shader GL_A
RB_texture_barrier GL_ARB_texture_border_clamp GL_ARB_texture_buffer_object GL_ARB_texture_buffer_object_rgb32 GL_ARB_texture_buffer_range GL_ARB_texture_compression GL_ARB_texture_compression_bptc GL_ARB_texture_compression_rgtc GL_ARB_texture_cube_map GL_ARB_texture_cube_map_array GL_ARB_texture_env_add GL_ARB_texture_env_combine GL_ARB_texture_env_crossbar GL_ARB_texture_env_dot3 GL_ARB_texture_filter_anisotropic GL_ARB_texture_filter_minmax GL_ARB_texture_float GL_ARB_texture_gather GL_ARB_texture_mirror_clamp_to_edge GL_ARB_texture_mirrored_repeat GL_ARB_texture_multisample GL_ARB_texture_non_power_of_two GL_ARB_texture_query_levels GL_ARB_texture_query_lod GL_ARB_texture_rectangle GL_ARB_texture_rg GL_ARB_texture_rgb10_a2ui GL_ARB_texture_stencil8 GL_ARB_texture_storage GL_ARB_texture_storage_multisample GL_ARB_texture_swizzle GL_ARB_texture_view GL_ARB_timer_query GL_ARB_transform_feedback2 GL_ARB_transform_feedback3 GL_ARB_transform_feedback_instanced GL_ARB_transform_feedback_overflow_query GL_ARB_t
ranspose_matrix GL_ARB_uniform_buffer_object GL_ARB_vertex_array_bgra GL_ARB_vertex_array_object GL_ARB_vertex_attrib_64bit GL_ARB_vertex_attrib_binding GL_ARB_vertex_buffer_object GL_ARB_vertex_program GL_ARB_vertex_shader GL_ARB_vertex_type_10f_11f_11f_rev GL_ARB_vertex_type_2_10_10_10_rev GL_ARB_viewport_array GL_ARB_window_pos GL_ATI_draw_buffers GL_ATI_texture_float GL_ATI_texture_mirror_once GL_S3_s3tc GL_EXT_texture_env_add GL_EXT_abgr GL_EXT_bgra GL_EXT_bindable_uniform GL_EXT_blend_color GL_EXT_blend_equation_separate GL_EXT_blend_func_separate GL_EXT_blend_minmax GL_EXT_blend_subtract GL_EXT_compiled_vertex_array GL_EXT_Cg_shader GL_EXT_depth_bounds_test GL_EXT_direct_state_access GL_EXT_draw_buffers2 GL_EXT_draw_instanced GL_EXT_draw_range_elements GL_EXT_fog_coord GL_EXT_framebuffer_blit GL_EXT_framebuffer_multisample GL_EXTX_framebuffer_mixed_formats GL_EXT_framebuffer_multisample_blit_scaled GL_EXT_framebuffer_object GL_EXT_framebuffer_sRGB GL_EXT_geometry_shader4 GL_EXT_gpu_program_parameters 
GL_EXT_gpu_shader4 GL_EXT_multi_draw_arrays GL_EXT_multiview_texture_multisample GL_EXT_multiview_timer_query GL_EXT_packed_depth_stencil GL_EXT_packed_float GL_EXT_packed_pixels GL_EXT_pixel_buffer_object GL_EXT_point_parameters GL_EXT_polygon_offset_clamp GL_EXT_post_depth_coverage GL_EXT_provoking_vertex GL_EXT_raster_multisample GL_EXT_rescale_normal GL_EXT_secondary_color GL_EXT_separate_shader_objects GL_EXT_separate_specular_color GL_EXT_shader_image_load_formatted GL_EXT_shader_image_load_store GL_EXT_shader_integer_mix GL_EXT_shadow_funcs GL_EXT_sparse_texture2 GL_EXT_stencil_two_side GL_EXT_stencil_wrap GL_EXT_texture3D GL_EXT_texture_array GL_EXT_texture_buffer_object GL_EXT_texture_compression_dxt1 GL_EXT_texture_compression_latc GL_EXT_texture_compression_rgtc GL_EXT_texture_compression_s3tc GL_EXT_texture_cube_map GL_EXT_texture_edge_clamp GL_EXT_texture_env_combine GL_EXT_texture_env_dot3 GL_EXT_texture_filter_anisotropic GL_EXT_texture_filter_minmax GL_EXT_texture_integer GL_EXT_texture_lod G
L_EXT_texture_lod_bias GL_EXT_texture_mirror_clamp GL_EXT_texture_object GL_EXT_texture_shadow_lod GL_EXT_texture_shared_exponent GL_EXT_texture_sRGB GL_EXT_texture_sRGB_R8 GL_EXT_texture_sRGB_decode GL_EXT_texture_storage GL_EXT_texture_swizzle GL_EXT_timer_query GL_EXT_transform_feedback2 GL_EXT_vertex_array GL_EXT_vertex_array_bgra GL_EXT_vertex_attrib_64bit GL_EXT_window_rectangles GL_EXT_x11_sync_object GL_EXT_import_sync_object GL_NV_robustness_video_memory_purge GL_IBM_rasterpos_clip GL_IBM_texture_mirrored_repeat GL_KHR_context_flush_control GL_KHR_debug GL_EXT_memory_object GL_EXT_memory_object_fd GL_NV_memory_object_sparse GL_KHR_parallel_shader_compile GL_KHR_no_error GL_KHR_robust_buffer_access_behavior GL_KHR_robustness GL_EXT_semaphore GL_EXT_semaphore_fd GL_NV_timeline_semaphore GL_KHR_shader_subgroup GL_KTX_buffer_region GL_NV_alpha_to_coverage_dither_control GL_NV_bindless_multi_draw_indirect GL_NV_bindless_multi_draw_indirect_count GL_NV_bindless_texture GL_NV_blend_equation_advanced GL_NV_
blend_equation_advanced_coherent GL_NVX_blend_equation_advanced_multi_draw_buffers GL_NV_blend_minmax_factor GL_NV_blend_square GL_NV_clip_space_w_scaling GL_NV_command_list GL_NV_compute_program5 GL_NV_conditional_render GL_NV_conservative_raster GL_NV_conservative_raster_dilate GL_NV_conservative_raster_pre_snap_triangles GL_NV_copy_depth_to_color GL_NV_copy_image GL_NV_depth_buffer_float GL_NV_depth_clamp GL_NV_draw_texture GL_NV_draw_vulkan_image GL_NV_ES1_1_compatibility GL_NV_ES3_1_compatibility GL_NV_explicit_multisample GL_NV_feature_query GL_NV_fence GL_NV_fill_rectangle GL_NV_float_buffer GL_NV_fog_distance GL_NV_fragment_coverage_to_color GL_NV_fragment_program GL_NV_fragment_program_option GL_NV_fragment_program2 GL_NV_fragment_shader_interlock GL_NV_framebuffer_mixed_samples GL_NV_framebuffer_multisample_coverage GL_NV_geometry_shader4 GL_NV_geometry_shader_passthrough GL_NV_gpu_program4 GL_NV_internalformat_sample_query GL_NV_gpu_program4_1 GL_NV_gpu_program5 GL_NV_gpu_program5_mem_extended GL_
NV_gpu_program_fp64 GL_NV_gpu_shader5 GL_NV_half_float GL_NV_light_max_exponent GL_NV_memory_attachment GL_NV_multisample_coverage GL_NV_multisample_filter_hint GL_NV_occlusion_query GL_NV_packed_depth_stencil GL_NV_parameter_buffer_object GL_NV_parameter_buffer_object2 GL_NV_path_rendering GL_NV_path_rendering_shared_edge GL_NV_pixel_data_range GL_NV_point_sprite GL_NV_primitive_restart GL_NV_query_resource GL_NV_query_resource_tag GL_NV_register_combiners GL_NV_register_combiners2 GL_NV_sample_locations GL_NV_sample_mask_override_coverage GL_NV_shader_atomic_counters GL_NV_shader_atomic_float GL_NV_shader_atomic_float64 GL_NV_shader_atomic_fp16_vector GL_NV_shader_atomic_int64 GL_NV_shader_buffer_load GL_NV_shader_storage_buffer_object GL_NV_shader_subgroup_partitioned GL_NV_stereo_view_rendering GL_NV_texgen_reflection GL_NV_texture_barrier GL_NV_texture_compression_vtc GL_NV_texture_env_combine4 GL_NV_texture_multisample GL_NV_texture_rectangle GL_NV_texture_rectangle_compressed GL_NV_texture_shader GL_N
V_texture_shader2 GL_NV_texture_shader3 GL_NV_transform_feedback GL_NV_transform_feedback2 GL_NV_uniform_buffer_unified_memory GL_NV_vdpau_interop GL_NV_vdpau_interop2 GL_NV_vertex_array_range GL_NV_vertex_array_range2 GL_NV_vertex_attrib_integer_64bit GL_NV_vertex_buffer_unified_memory GL_NV_vertex_program GL_NV_vertex_program1_1 GL_NV_vertex_program2 GL_NV_vertex_program2_option GL_NV_vertex_program3 GL_NV_viewport_array2 GL_NV_viewport_swizzle GL_NVX_conditional_render GL_NV_gpu_multicast GL_NVX_progress_fence GL_NVX_gpu_memory_info GL_NVX_nvenc_interop GL_NV_shader_thread_group GL_NV_shader_thread_shuffle GL_KHR_blend_equation_advanced GL_KHR_blend_equation_advanced_coherent GL_OVR_multiview GL_OVR_multiview2 GL_SGIS_generate_mipmap GL_SGIS_texture_lod GL_SGIX_depth_texture GL_SGIX_shadow GL_SUN_slice_accum
OPENGL LOG: Creating OpenGL 4.5 graphics device ; Context level  <OpenGL 4.5> ; Context handle 65348072
Initialize mono
Mono path[0] = '/home/emil/Unity/Hub/Editor/2021.1.0b11/Editor/Data/Managed'
Mono path[1] = '/home/emil/Unity/Hub/Editor/2021.1.0b11/Editor/Data/MonoBleedingEdge/lib/mono/unityjit'
Mono config path = '/home/emil/Unity/Hub/Editor/2021.1.0b11/Editor/Data/MonoBleedingEdge/etc'
Using monoOptions --debugger-agent=transport=dt_socket,embedding=1,server=y,suspend=n,address=127.0.0.1:56730
Begin MonoManager ReloadAssembly
Registering precompiled unity dll's ...
Register platform support module: /home/emil/Unity/Hub/Editor/2021.1.0b11/Editor/Data/PlaybackEngines/WindowsStandaloneSupport/UnityEditor.WindowsStandalone.Extensions.dll
Register platform support module: /home/emil/Unity/Hub/Editor/2021.1.0b11/Editor/Data/PlaybackEngines/LinuxStandaloneSupport/UnityEditor.LinuxStandalone.Extensions.dll
Registered in 0.001755 seconds.
Native extension for LinuxStandalone target not found
Native extension for WindowsStandalone target not found
Refreshing native plugins compatible for Editor in 111.38 ms, found 1 plugins.
Preloading 0 native plugins for Editor in 0.00 ms.
Mono: successfully reloaded assembly
- Completed reload, in  1.572 seconds
Platform modules already initialized, skipping
Registering precompiled user dll's ...
Registered in 0.002586 seconds.
Begin MonoManager ReloadAssembly
Native extension for LinuxStandalone target not found
Native extension for WindowsStandalone target not found
Refreshing native plugins compatible for Editor in 113.40 ms, found 1 plugins.
Preloading 0 native plugins for Editor in 0.00 ms.
Mono: successfully reloaded assembly
- Completed reload, in  1.353 seconds
Platform modules already initialized, skipping
========================================================================
Worker process is ready to serve import requests
Launched and connected shader compiler UnityShaderCompiler after 0.01 seconds
Refreshing native plugins compatible for Editor in 0.82 ms, found 1 plugins.
Preloading 0 native plugins for Editor in 0.00 ms.
Unloading 3375 Unused Serialized files (Serialized files now loaded: 0)
System memory in use before: 141.7 MB.
System memory in use after: 141.9 MB.

Unloading 28 unused Assets to reduce memory usage. Loaded Objects now: 3851.
Total: 4.191783 ms (FindLiveObjects: 0.376677 ms CreateObjectMapping: 0.111619 ms MarkObjects: 3.507389 ms  DeleteObjects: 0.194555 ms)

========================================================================
Received Import Request.
  path: Assets/Prefabs/Circle.prefab
  artifactKey: Guid(4b6375d81a05871348caab3540c50341) Importer(815301076,1909f56bfc062723c751e8b465ee728b)
Start importing Assets/Prefabs/Circle.prefab using Guid(4b6375d81a05871348caab3540c50341) Importer(815301076,1909f56bfc062723c751e8b465ee728b)  -> (artifact id: '49e72e1b5cbaae12047bc886182a9ac1') in 0.090939 seconds 
========================================================================
Received Prepare
Refreshing native plugins compatible for Editor in 2.70 ms, found 1 plugins.
Preloading 0 native plugins for Editor in 0.00 ms.
Unloading 15 Unused Serialized files (Serialized files now loaded: 0)
System memory in use before: 76.3 MB.
System memory in use after: 76.5 MB.

Unloading 15 unused Assets to reduce memory usage. Loaded Objects now: 3858.
Total: 4.317349 ms (FindLiveObjects: 0.355126 ms CreateObjectMapping: 0.099607 ms MarkObjects: 3.752890 ms  DeleteObjects: 0.108744 ms)

========================================================================
Received Import Request.
  Time since last request: 30.885344 seconds.
  path: Assets/Prefabs/Circle.prefab
  artifactKey: Guid(4b6375d81a05871348caab3540c50341) Importer(815301076,1909f56bfc062723c751e8b465ee728b)
Start importing Assets/Prefabs/Circle.prefab using Guid(4b6375d81a05871348caab3540c50341) Importer(815301076,1909f56bfc062723c751e8b465ee728b)  -> (artifact id: '185f8c4383bd9f0f28d4cb4c10f7e175') in 0.010541 seconds 
========================================================================
Received Import Request.
  Time since last request: 3.200300 seconds.
  path: Assets/Prefabs/Circle.prefab
  artifactKey: Guid(4b6375d81a05871348caab3540c50341) Importer(815301076,1909f56bfc062723c751e8b465ee728b)
Start importing Assets/Prefabs/Circle.prefab using Guid(4b6375d81a05871348caab3540c50341) Importer(815301076,1909f56bfc062723c751e8b465ee728b)  -> (artifact id: '5fd53732fd0a3f945c496898239b57aa') in 0.006493 seconds 
========================================================================
Received Prepare
Registering precompiled user dll's ...
Registered in 0.002598 seconds.
Begin MonoManager ReloadAssembly
Native extension for LinuxStandalone target not found
Native extension for WindowsStandalone target not found
Refreshing native plugins compatible for Editor in 1.06 ms, found 1 plugins.
Preloading 0 native plugins for Editor in 0.00 ms.
Mono: successfully reloaded assembly
- Completed reload, in  1.161 seconds
Platform modules already initialized, skipping
Refreshing native plugins compatible for Editor in 0.72 ms, found 1 plugins.
Preloading 0 native plugins for Editor in 0.00 ms.
Unloading 3370 Unused Serialized files (Serialized files now loaded: 0)
System memory in use before: 143.4 MB.
System memory in use after: 143.5 MB.

Unloading 17 unused Assets to reduce memory usage. Loaded Objects now: 3862.
Total: 3.745005 ms (FindLiveObjects: 0.372408 ms CreateObjectMapping: 0.091081 ms MarkObjects: 3.154347 ms  DeleteObjects: 0.125646 ms)

========================================================================
Received Prepare
Registering precompiled user dll's ...
Registered in 0.002496 seconds.
Begin MonoManager ReloadAssembly
Native extension for LinuxStandalone target not found
Native extension for WindowsStandalone target not found
Refreshing native plugins compatible for Editor in 0.75 ms, found 1 plugins.
Preloading 0 native plugins for Editor in 0.00 ms.
Mono: successfully reloaded assembly
- Completed reload, in  1.145 seconds
Platform modules already initialized, skipping
Refreshing native plugins compatible for Editor in 0.87 ms, found 1 plugins.
Preloading 0 native plugins for Editor in 0.00 ms.
Unloading 3370 Unused Serialized files (Serialized files now loaded: 0)
System memory in use before: 143.4 MB.
System memory in use after: 143.6 MB.

Unloading 17 unused Assets to reduce memory usage. Loaded Objects now: 3866.
Total: 3.762958 ms (FindLiveObjects: 0.357561 ms CreateObjectMapping: 0.090389 ms MarkObjects: 3.195434 ms  DeleteObjects: 0.117610 ms)

========================================================================
Received Prepare
Registering precompiled user dll's ...
Registered in 0.002491 seconds.
Begin MonoManager ReloadAssembly
Native extension for LinuxStandalone target not found
Native extension for WindowsStandalone target not found
Refreshing native plugins compatible for Editor in 0.74 ms, found 1 plugins.
Preloading 0 native plugins for Editor in 0.00 ms.
Mono: successfully reloaded assembly
- Completed reload, in  1.132 seconds
Platform modules already initialized, skipping
Refreshing native plugins compatible for Editor in 0.70 ms, found 1 plugins.
Preloading 0 native plugins for Editor in 0.00 ms.
Unloading 3370 Unused Serialized files (Serialized files now loaded: 0)
System memory in use before: 143.5 MB.
System memory in use after: 143.6 MB.

Unloading 17 unused Assets to reduce memory usage. Loaded Objects now: 3870.
Total: 3.763830 ms (FindLiveObjects: 0.393529 ms CreateObjectMapping: 0.092363 ms MarkObjects: 3.154047 ms  DeleteObjects: 0.122199 ms)

========================================================================
Received Prepare
Registering precompiled user dll's ...
Registered in 0.002604 seconds.
Begin MonoManager ReloadAssembly
Native extension for LinuxStandalone target not found
Native extension for WindowsStandalone target not found
Refreshing native plugins compatible for Editor in 0.77 ms, found 1 plugins.
Preloading 0 native plugins for Editor in 0.00 ms.
Mono: successfully reloaded assembly
- Completed reload, in  1.142 seconds
Platform modules already initialized, skipping
Refreshing native plugins compatible for Editor in 0.76 ms, found 1 plugins.
Preloading 0 native plugins for Editor in 0.00 ms.
Unloading 3370 Unused Serialized files (Serialized files now loaded: 0)
System memory in use before: 143.5 MB.
System memory in use after: 143.7 MB.

Unloading 17 unused Assets to reduce memory usage. Loaded Objects now: 3874.
Total: 10.307025 ms (FindLiveObjects: 0.365395 ms CreateObjectMapping: 0.092624 ms MarkObjects: 9.703262 ms  DeleteObjects: 0.143198 ms)

========================================================================
Received Prepare
Registering precompiled user dll's ...
Registered in 0.002485 seconds.
Begin MonoManager ReloadAssembly
Native extension for LinuxStandalone target not found
Native extension for WindowsStandalone target not found
Refreshing native plugins compatible for Editor in 0.90 ms, found 1 plugins.
Preloading 0 native plugins for Editor in 0.00 ms.
Mono: successfully reloaded assembly
- Completed reload, in  1.155 seconds
Platform modules already initialized, skipping
Refreshing native plugins compatible for Editor in 0.76 ms, found 1 plugins.
Preloading 0 native plugins for Editor in 0.00 ms.
Unloading 3370 Unused Serialized files (Serialized files now loaded: 0)
System memory in use before: 143.5 MB.
System memory in use after: 143.7 MB.

Unloading 17 unused Assets to reduce memory usage. Loaded Objects now: 3878.
Total: 4.659260 ms (FindLiveObjects: 0.394761 ms CreateObjectMapping: 0.173405 ms MarkObjects: 3.918280 ms  DeleteObjects: 0.169959 ms)

========================================================================
Received Prepare
Registering precompiled user dll's ...
Registered in 0.002605 seconds.
Begin MonoManager ReloadAssembly
Native extension for LinuxStandalone target not found
Native extension for WindowsStandalone target not found
Refreshing native plugins compatible for Editor in 0.76 ms, found 1 plugins.
Preloading 0 native plugins for Editor in 0.00 ms.
Mono: successfully reloaded assembly
- Completed reload, in  1.238 seconds
Platform modules already initialized, skipping
Refreshing native plugins compatible for Editor in 0.79 ms, found 1 plugins.
Preloading 0 native plugins for Editor in 0.00 ms.
Unloading 3370 Unused Serialized files (Serialized files now loaded: 0)
System memory in use before: 143.5 MB.
System memory in use after: 143.7 MB.

Unloading 17 unused Assets to reduce memory usage. Loaded Objects now: 3882.
Total: 4.000655 ms (FindLiveObjects: 0.386435 ms CreateObjectMapping: 0.093426 ms MarkObjects: 3.385440 ms  DeleteObjects: 0.129553 ms)

========================================================================
Received Import Request.
  Time since last request: 1525.468367 seconds.
  path: Assets/Prefabs/Circle.prefab
  artifactKey: Guid(4b6375d81a05871348caab3540c50341) Importer(815301076,1909f56bfc062723c751e8b465ee728b)
Start importing Assets/Prefabs/Circle.prefab using Guid(4b6375d81a05871348caab3540c50341) Importer(815301076,1909f56bfc062723c751e8b465ee728b)  -> (artifact id: '0c09916ee3c09ab3de853d820a9b2f5a') in 0.094920 seconds 
========================================================================
Received Import Request.
  Time since last request: 2.098652 seconds.
  path: Assets/Prefabs/Circle.prefab
  artifactKey: Guid(4b6375d81a05871348caab3540c50341) Importer(815301076,1909f56bfc062723c751e8b465ee728b)
Start importing Assets/Prefabs/Circle.prefab using Guid(4b6375d81a05871348caab3540c50341) Importer(815301076,1909f56bfc062723c751e8b465ee728b)  -> (artifact id: '934800945ef2e0d5142ebc66956ca8d5') in 0.011066 seconds 
========================================================================
Received Import Request.
  Time since last request: 8.919377 seconds.
  path: Assets/Prefabs/Circle.prefab
  artifactKey: Guid(4b6375d81a05871348caab3540c50341) Importer(815301076,1909f56bfc062723c751e8b465ee728b)
Start importing Assets/Prefabs/Circle.prefab using Guid(4b6375d81a05871348caab3540c50341) Importer(815301076,1909f56bfc062723c751e8b465ee728b)  -> (artifact id: 'b5006972e85f230d2228958d46fd4d75') in 0.009253 seconds 
========================================================================
Received Prepare
Registering precompiled user dll's ...
Registered in 0.002584 seconds.
Begin MonoManager ReloadAssembly
Native extension for LinuxStandalone target not found
Native extension for WindowsStandalone target not found
Refreshing native plugins compatible for Editor in 0.76 ms, found 1 plugins.
Preloading 0 native plugins for Editor in 0.00 ms.
Mono: successfully reloaded assembly
- Completed reload, in  1.160 seconds
Platform modules already initialized, skipping
Refreshing native plugins compatible for Editor in 0.77 ms, found 1 plugins.
Preloading 0 native plugins for Editor in 0.00 ms.
Unloading 3370 Unused Serialized files (Serialized files now loaded: 0)
System memory in use before: 143.5 MB.
System memory in use after: 143.7 MB.

Unloading 17 unused Assets to reduce memory usage. Loaded Objects now: 3887.
Total: 4.053303 ms (FindLiveObjects: 0.379151 ms CreateObjectMapping: 0.097693 ms MarkObjects: 3.431817 ms  DeleteObjects: 0.142407 ms)

========================================================================
Received Prepare
Registering precompiled user dll's ...
Registered in 0.002827 seconds.
Begin MonoManager ReloadAssembly
Native extension for LinuxStandalone target not found
Native extension for WindowsStandalone target not found
Refreshing native plugins compatible for Editor in 0.76 ms, found 1 plugins.
Preloading 0 native plugins for Editor in 0.00 ms.
Mono: successfully reloaded assembly
- Completed reload, in  1.220 seconds
Platform modules already initialized, skipping
Refreshing native plugins compatible for Editor in 1.15 ms, found 1 plugins.
Preloading 0 native plugins for Editor in 0.00 ms.
Unloading 3370 Unused Serialized files (Serialized files now loaded: 0)
System memory in use before: 143.5 MB.
System memory in use after: 143.6 MB.

Unloading 17 unused Assets to reduce memory usage. Loaded Objects now: 3891.
Total: 5.017352 ms (FindLiveObjects: 0.400251 ms CreateObjectMapping: 0.111389 ms MarkObjects: 4.377441 ms  DeleteObjects: 0.126377 ms)

========================================================================
Received Prepare
Registering precompiled user dll's ...
Registered in 0.002501 seconds.
Begin MonoManager ReloadAssembly
Native extension for LinuxStandalone target not found
Native extension for WindowsStandalone target not found
Refreshing native plugins compatible for Editor in 0.73 ms, found 1 plugins.
Preloading 0 native plugins for Editor in 0.00 ms.
Mono: successfully reloaded assembly
- Completed reload, in  1.144 seconds
Platform modules already initialized, skipping
Refreshing native plugins compatible for Editor in 0.73 ms, found 1 plugins.
Preloading 0 native plugins for Editor in 0.00 ms.
Unloading 3370 Unused Serialized files (Serialized files now loaded: 0)
System memory in use before: 143.5 MB.
System memory in use after: 143.6 MB.

Unloading 17 unused Assets to reduce memory usage. Loaded Objects now: 3895.
Total: 3.982281 ms (FindLiveObjects: 0.387928 ms CreateObjectMapping: 0.092363 ms MarkObjects: 3.321481 ms  DeleteObjects: 0.178224 ms)

========================================================================
Received Prepare
Registering precompiled user dll's ...
Registered in 0.002496 seconds.
Begin MonoManager ReloadAssembly
Native extension for LinuxStandalone target not found
Native extension for WindowsStandalone target not found
Refreshing native plugins compatible for Editor in 0.77 ms, found 1 plugins.
Preloading 0 native plugins for Editor in 0.00 ms.
Mono: successfully reloaded assembly
- Completed reload, in  1.173 seconds
Platform modules already initialized, skipping
Refreshing native plugins compatible for Editor in 1.08 ms, found 1 plugins.
Preloading 0 native plugins for Editor in 0.00 ms.
Unloading 3370 Unused Serialized files (Serialized files now loaded: 0)
System memory in use before: 143.5 MB.
System memory in use after: 143.7 MB.

Unloading 17 unused Assets to reduce memory usage. Loaded Objects now: 3899.
Total: 4.549103 ms (FindLiveObjects: 0.505519 ms CreateObjectMapping: 0.119714 ms MarkObjects: 3.783377 ms  DeleteObjects: 0.138119 ms)

========================================================================
Received Prepare
Registering precompiled user dll's ...
Registered in 0.002825 seconds.
Begin MonoManager ReloadAssembly
Native extension for LinuxStandalone target not found
Native extension for WindowsStandalone target not found
Refreshing native plugins compatible for Editor in 0.83 ms, found 1 plugins.
Preloading 0 native plugins for Editor in 0.00 ms.
Mono: successfully reloaded assembly
- Completed reload, in  1.238 seconds
Platform modules already initialized, skipping
Refreshing native plugins compatible for Editor in 0.86 ms, found 1 plugins.
Preloading 0 native plugins for Editor in 0.00 ms.
Unloading 3370 Unused Serialized files (Serialized files now loaded: 0)
System memory in use before: 143.5 MB.
System memory in use after: 143.7 MB.

Unloading 17 unused Assets to reduce memory usage. Loaded Objects now: 3903.
Total: 5.612999 ms (FindLiveObjects: 0.495569 ms CreateObjectMapping: 0.140683 ms MarkObjects: 4.803911 ms  DeleteObjects: 0.170710 ms)

========================================================================
Received Prepare
Registering precompiled user dll's ...
Registered in 0.002513 seconds.
Begin MonoManager ReloadAssembly
Native extension for LinuxStandalone target not found
Native extension for WindowsStandalone target not found
Refreshing native plugins compatible for Editor in 0.87 ms, found 1 plugins.
Preloading 0 native plugins for Editor in 0.00 ms.
Mono: successfully reloaded assembly
- Completed reload, in  1.177 seconds
Platform modules already initialized, skipping
Refreshing native plugins compatible for Editor in 0.73 ms, found 1 plugins.
Preloading 0 native plugins for Editor in 0.00 ms.
Unloading 3370 Unused Serialized files (Serialized files now loaded: 0)
System memory in use before: 143.5 MB.
System memory in use after: 143.7 MB.

Unloading 17 unused Assets to reduce memory usage. Loaded Objects now: 3907.
Total: 3.835385 ms (FindLiveObjects: 0.396173 ms CreateObjectMapping: 0.090499 ms MarkObjects: 3.214620 ms  DeleteObjects: 0.132028 ms)

========================================================================
Received Prepare
Registering precompiled user dll's ...
Registered in 0.002548 seconds.
Begin MonoManager ReloadAssembly
Native extension for LinuxStandalone target not found
Native extension for WindowsStandalone target not found
Refreshing native plugins compatible for Editor in 0.76 ms, found 1 plugins.
Preloading 0 native plugins for Editor in 0.00 ms.
Mono: successfully reloaded assembly
- Completed reload, in  1.180 seconds
Platform modules already initialized, skipping
Refreshing native plugins compatible for Editor in 0.89 ms, found 1 plugins.
Preloading 0 native plugins for Editor in 0.00 ms.
Unloading 3370 Unused Serialized files (Serialized files now loaded: 0)
System memory in use before: 143.5 MB.
System memory in use after: 143.7 MB.

Unloading 17 unused Assets to reduce memory usage. Loaded Objects now: 3911.
Total: 3.942746 ms (FindLiveObjects: 0.372799 ms CreateObjectMapping: 0.091351 ms MarkObjects: 3.349603 ms  DeleteObjects: 0.127610 ms)

========================================================================
Received Prepare
Registering precompiled user dll's ...
Registered in 0.002520 seconds.
Begin MonoManager ReloadAssembly
Native extension for LinuxStandalone target not found
Native extension for WindowsStandalone target not found
Refreshing native plugins compatible for Editor in 0.82 ms, found 1 plugins.
Preloading 0 native plugins for Editor in 0.00 ms.
Mono: successfully reloaded assembly
- Completed reload, in  1.147 seconds
Platform modules already initialized, skipping
Refreshing native plugins compatible for Editor in 0.75 ms, found 1 plugins.
Preloading 0 native plugins for Editor in 0.00 ms.
Unloading 3370 Unused Serialized files (Serialized files now loaded: 0)
System memory in use before: 143.5 MB.
System memory in use after: 143.7 MB.

Unloading 17 unused Assets to reduce memory usage. Loaded Objects now: 3915.
Total: 4.094391 ms (FindLiveObjects: 0.433193 ms CreateObjectMapping: 0.099186 ms MarkObjects: 3.418503 ms  DeleteObjects: 0.140945 ms)

========================================================================
Received Prepare
Registering precompiled user dll's ...
Registered in 0.002656 seconds.
Begin MonoManager ReloadAssembly
Native extension for LinuxStandalone target not found
Native extension for WindowsStandalone target not found
Refreshing native plugins compatible for Editor in 0.75 ms, found 1 plugins.
Preloading 0 native plugins for Editor in 0.00 ms.
Mono: successfully reloaded assembly
- Completed reload, in  1.161 seconds
Platform modules already initialized, skipping
Refreshing native plugins compatible for Editor in 0.77 ms, found 1 plugins.
Preloading 0 native plugins for Editor in 0.00 ms.
Unloading 3370 Unused Serialized files (Serialized files now loaded: 0)
System memory in use before: 143.5 MB.
System memory in use after: 143.7 MB.

Unloading 17 unused Assets to reduce memory usage. Loaded Objects now: 3919.
Total: 3.908101 ms (FindLiveObjects: 0.394350 ms CreateObjectMapping: 0.095589 ms MarkObjects: 3.286786 ms  DeleteObjects: 0.129824 ms)

========================================================================
Received Prepare
Registering precompiled user dll's ...
Registered in 0.002492 seconds.
Begin MonoManager ReloadAssembly
Native extension for LinuxStandalone target not found
Native extension for WindowsStandalone target not found
Refreshing native plugins compatible for Editor in 0.76 ms, found 1 plugins.
Preloading 0 native plugins for Editor in 0.00 ms.
Mono: successfully reloaded assembly
- Completed reload, in  1.174 seconds
Platform modules already initialized, skipping
Refreshing native plugins compatible for Editor in 0.77 ms, found 1 plugins.
Preloading 0 native plugins for Editor in 0.00 ms.
Unloading 3370 Unused Serialized files (Serialized files now loaded: 0)
System memory in use before: 143.5 MB.
System memory in use after: 143.7 MB.

Unloading 17 unused Assets to reduce memory usage. Loaded Objects now: 3923.
Total: 4.499711 ms (FindLiveObjects: 0.422592 ms CreateObjectMapping: 0.236122 ms MarkObjects: 3.708546 ms  DeleteObjects: 0.130285 ms)

========================================================================
Received Prepare
Registering precompiled user dll's ...
Registered in 0.002693 seconds.
Begin MonoManager ReloadAssembly
Native extension for LinuxStandalone target not found
Native extension for WindowsStandalone target not found
Refreshing native plugins compatible for Editor in 1.32 ms, found 1 plugins.
Preloading 0 native plugins for Editor in 0.00 ms.
Mono: successfully reloaded assembly
- Completed reload, in  1.196 seconds
Platform modules already initialized, skipping
Refreshing native plugins compatible for Editor in 0.83 ms, found 1 plugins.
Preloading 0 native plugins for Editor in 0.00 ms.
Unloading 3370 Unused Serialized files (Serialized files now loaded: 0)
System memory in use before: 143.5 MB.
System memory in use after: 143.7 MB.

Unloading 17 unused Assets to reduce memory usage. Loaded Objects now: 3927.
Total: 3.756967 ms (FindLiveObjects: 0.382597 ms CreateObjectMapping: 0.091452 ms MarkObjects: 3.146011 ms  DeleteObjects: 0.135073 ms)

========================================================================
Received Prepare
Registering precompiled user dll's ...
Registered in 0.002473 seconds.
Begin MonoManager ReloadAssembly
Native extension for LinuxStandalone target not found
Native extension for WindowsStandalone target not found
Refreshing native plugins compatible for Editor in 0.77 ms, found 1 plugins.
Preloading 0 native plugins for Editor in 0.00 ms.
Mono: successfully reloaded assembly
- Completed reload, in  1.189 seconds
Platform modules already initialized, skipping
Refreshing native plugins compatible for Editor in 0.75 ms, found 1 plugins.
Preloading 0 native plugins for Editor in 0.00 ms.
Unloading 3370 Unused Serialized files (Serialized files now loaded: 0)
System memory in use before: 143.6 MB.
System memory in use after: 143.7 MB.

Unloading 17 unused Assets to reduce memory usage. Loaded Objects now: 3931.
Total: 3.983783 ms (FindLiveObjects: 0.410430 ms CreateObjectMapping: 0.107241 ms MarkObjects: 3.329365 ms  DeleteObjects: 0.134773 ms)

========================================================================
Received Prepare
Registering precompiled user dll's ...
Registered in 0.003255 seconds.
Begin MonoManager ReloadAssembly
Native extension for LinuxStandalone target not found
Native extension for WindowsStandalone target not found
Refreshing native plugins compatible for Editor in 0.86 ms, found 1 plugins.
Preloading 0 native plugins for Editor in 0.00 ms.
Mono: successfully reloaded assembly
- Completed reload, in  1.222 seconds
Platform modules already initialized, skipping
Refreshing native plugins compatible for Editor in 0.76 ms, found 1 plugins.
Preloading 0 native plugins for Editor in 0.00 ms.
Unloading 3370 Unused Serialized files (Serialized files now loaded: 0)
System memory in use before: 143.6 MB.
System memory in use after: 143.7 MB.

Unloading 17 unused Assets to reduce memory usage. Loaded Objects now: 3935.
Total: 4.697101 ms (FindLiveObjects: 0.434546 ms CreateObjectMapping: 0.112100 ms MarkObjects: 4.012226 ms  DeleteObjects: 0.135715 ms)

========================================================================
Received Prepare
Registering precompiled user dll's ...
Registered in 0.003702 seconds.
Begin MonoManager ReloadAssembly
Native extension for LinuxStandalone target not found
Native extension for WindowsStandalone target not found
Refreshing native plugins compatible for Editor in 0.78 ms, found 1 plugins.
Preloading 0 native plugins for Editor in 0.00 ms.
Mono: successfully reloaded assembly
- Completed reload, in  1.223 seconds
Platform modules already initialized, skipping
Refreshing native plugins compatible for Editor in 0.73 ms, found 1 plugins.
Preloading 0 native plugins for Editor in 0.00 ms.
Unloading 3371 Unused Serialized files (Serialized files now loaded: 0)
System memory in use before: 143.6 MB.
System memory in use after: 143.8 MB.

Unloading 17 unused Assets to reduce memory usage. Loaded Objects now: 3940.
Total: 4.070826 ms (FindLiveObjects: 0.406263 ms CreateObjectMapping: 0.115386 ms MarkObjects: 3.417220 ms  DeleteObjects: 0.130384 ms)

========================================================================
Received Import Request.
  Time since last request: 3749.666224 seconds.
  path: Assets/LineDrawer.cs
  artifactKey: Guid(74b019b01cc4be315807a8718cc6a389) Importer(815301076,1909f56bfc062723c751e8b465ee728b)
Start importing Assets/LineDrawer.cs using Guid(74b019b01cc4be315807a8718cc6a389) Importer(815301076,1909f56bfc062723c751e8b465ee728b)  -> (artifact id: 'ed1796a81a4cfb369f838a1ad572fae2') in 0.005896 seconds 
========================================================================
Received Prepare
Registering precompiled user dll's ...
Registered in 0.002682 seconds.
Begin MonoManager ReloadAssembly
Native extension for LinuxStandalone target not found
Native extension for WindowsStandalone target not found
Refreshing native plugins compatible for Editor in 1.05 ms, found 1 plugins.
Preloading 0 native plugins for Editor in 0.00 ms.
Mono: successfully reloaded assembly
- Completed reload, in  1.277 seconds
Platform modules already initialized, skipping
Refreshing native plugins compatible for Editor in 0.78 ms, found 1 plugins.
Preloading 0 native plugins for Editor in 0.00 ms.
Unloading 3371 Unused Serialized files (Serialized files now loaded: 0)
System memory in use before: 143.6 MB.
System memory in use after: 143.8 MB.

Unloading 17 unused Assets to reduce memory usage. Loaded Objects now: 3944.
Total: 5.648376 ms (FindLiveObjects: 0.545153 ms CreateObjectMapping: 0.143209 ms MarkObjects: 4.826373 ms  DeleteObjects: 0.131708 ms)

========================================================================
Received Import Request.
  Time since last request: 209.374001 seconds.
  path: Assets/LineDrawer.cs
  artifactKey: Guid(74b019b01cc4be315807a8718cc6a389) Importer(815301076,1909f56bfc062723c751e8b465ee728b)
Start importing Assets/LineDrawer.cs using Guid(74b019b01cc4be315807a8718cc6a389) Importer(815301076,1909f56bfc062723c751e8b465ee728b)  -> (artifact id: 'dfdcbfe7d4e8be1bda2259dc08e85298') in 0.007097 seconds 
========================================================================
Received Prepare
Registering precompiled user dll's ...
Registered in 0.002710 seconds.
Begin MonoManager ReloadAssembly
Native extension for LinuxStandalone target not found
Native extension for WindowsStandalone target not found
Refreshing native plugins compatible for Editor in 1.12 ms, found 1 plugins.
Preloading 0 native plugins for Editor in 0.00 ms.
Mono: successfully reloaded assembly
- Completed reload, in  1.363 seconds
Platform modules already initialized, skipping
Refreshing native plugins compatible for Editor in 1.18 ms, found 1 plugins.
Preloading 0 native plugins for Editor in 0.00 ms.
Unloading 3371 Unused Serialized files (Serialized files now loaded: 0)
System memory in use before: 143.6 MB.
System memory in use after: 143.8 MB.

Unloading 17 unused Assets to reduce memory usage. Loaded Objects now: 3948.
Total: 6.726037 ms (FindLiveObjects: 0.665939 ms CreateObjectMapping: 0.523392 ms MarkObjects: 5.383609 ms  DeleteObjects: 0.151123 ms)

========================================================================
Received Prepare
Registering precompiled user dll's ...
Registered in 0.002620 seconds.
Begin MonoManager ReloadAssembly
Native extension for LinuxStandalone target not found
Native extension for WindowsStandalone target not found
Refreshing native plugins compatible for Editor in 1.43 ms, found 1 plugins.
Preloading 0 native plugins for Editor in 0.00 ms.
Mono: successfully reloaded assembly
- Completed reload, in  1.456 seconds
Platform modules already initialized, skipping
Refreshing native plugins compatible for Editor in 1.15 ms, found 1 plugins.
Preloading 0 native plugins for Editor in 0.00 ms.
Unloading 3371 Unused Serialized files (Serialized files now loaded: 0)
System memory in use before: 143.6 MB.
System memory in use after: 143.8 MB.

Unloading 17 unused Assets to reduce memory usage. Loaded Objects now: 3952.
Total: 7.361710 ms (FindLiveObjects: 0.789180 ms CreateObjectMapping: 0.209453 ms MarkObjects: 6.222593 ms  DeleteObjects: 0.136065 ms)

========================================================================
Received Prepare
Registering precompiled user dll's ...
Registered in 0.003090 seconds.
Begin MonoManager ReloadAssembly
Native extension for LinuxStandalone target not found
Native extension for WindowsStandalone target not found
Refreshing native plugins compatible for Editor in 1.74 ms, found 1 plugins.
Preloading 0 native plugins for Editor in 0.00 ms.
Mono: successfully reloaded assembly
- Completed reload, in  1.710 seconds
Platform modules already initialized, skipping
Refreshing native plugins compatible for Editor in 1.59 ms, found 1 plugins.
Preloading 0 native plugins for Editor in 0.00 ms.
Unloading 3371 Unused Serialized files (Serialized files now loaded: 0)
System memory in use before: 143.6 MB.
System memory in use after: 143.8 MB.

Unloading 17 unused Assets to reduce memory usage. Loaded Objects now: 3956.
Total: 9.681642 ms (FindLiveObjects: 0.878739 ms CreateObjectMapping: 0.626866 ms MarkObjects: 7.925216 ms  DeleteObjects: 0.246963 ms)

========================================================================
Received Import Request.
  Time since last request: 711.148934 seconds.
  path: Assets/LineDrawer.cs
  artifactKey: Guid(74b019b01cc4be315807a8718cc6a389) Importer(815301076,1909f56bfc062723c751e8b465ee728b)
Start importing Assets/LineDrawer.cs using Guid(74b019b01cc4be315807a8718cc6a389) Importer(815301076,1909f56bfc062723c751e8b465ee728b)  -> (artifact id: '9181a1df6efac577f3192fe0a633a1bd') in 0.012779 seconds 
========================================================================
Received Import Request.
  Time since last request: 25.284601 seconds.
  path: Assets/Prefabs/explosion.png
  artifactKey: Guid(9057456380abd8cad9179c14601bd19e) Importer(815301076,1909f56bfc062723c751e8b465ee728b)
Start importing Assets/Prefabs/explosion.png using Guid(9057456380abd8cad9179c14601bd19e) Importer(815301076,1909f56bfc062723c751e8b465ee728b)  -> (artifact id: '48f0315bb5da02a3377c870a02147ce7') in 0.097858 seconds 
========================================================================
Received Import Request.
  Time since last request: 79.420005 seconds.
  path: Assets/Prefabs/Square.prefab
  artifactKey: Guid(6be28b148c46a00bbbd4f104cb56a2f2) Importer(815301076,1909f56bfc062723c751e8b465ee728b)
Start importing Assets/Prefabs/Square.prefab using Guid(6be28b148c46a00bbbd4f104cb56a2f2) Importer(815301076,1909f56bfc062723c751e8b465ee728b)  -> (artifact id: '70d858434c7e34c4d99d8dd14e845b30') in 0.037323 seconds 
========================================================================
Received Prepare
Registering precompiled user dll's ...
Registered in 0.003884 seconds.
Begin MonoManager ReloadAssembly
Native extension for LinuxStandalone target not found
Native extension for WindowsStandalone target not found
Refreshing native plugins compatible for Editor in 1.34 ms, found 1 plugins.
Preloading 0 native plugins for Editor in 0.00 ms.
Mono: successfully reloaded assembly
- Completed reload, in  1.620 seconds
Platform modules already initialized, skipping
Refreshing native plugins compatible for Editor in 1.14 ms, found 1 plugins.
Preloading 0 native plugins for Editor in 0.00 ms.
Unloading 3371 Unused Serialized files (Serialized files now loaded: 0)
System memory in use before: 144.0 MB.
System memory in use after: 144.2 MB.

Unloading 17 unused Assets to reduce memory usage. Loaded Objects now: 3977.
Total: 9.877800 ms (FindLiveObjects: 1.007440 ms CreateObjectMapping: 0.850515 ms MarkObjects: 7.830609 ms  DeleteObjects: 0.185228 ms)

========================================================================
Received Prepare
Registering precompiled user dll's ...
Registered in 0.003684 seconds.
Begin MonoManager ReloadAssembly
Native extension for LinuxStandalone target not found
Native extension for WindowsStandalone target not found
Refreshing native plugins compatible for Editor in 1.44 ms, found 1 plugins.
Preloading 0 native plugins for Editor in 0.00 ms.
Mono: successfully reloaded assembly
- Completed reload, in  1.607 seconds
Platform modules already initialized, skipping
Refreshing native plugins compatible for Editor in 2.85 ms, found 1 plugins.
Preloading 0 native plugins for Editor in 0.00 ms.
Unloading 3371 Unused Serialized files (Serialized files now loaded: 0)
System memory in use before: 144.0 MB.
System memory in use after: 144.2 MB.

Unloading 17 unused Assets to reduce memory usage. Loaded Objects now: 3981.
Total: 8.331398 ms (FindLiveObjects: 1.025564 ms CreateObjectMapping: 0.326863 ms MarkObjects: 6.736427 ms  DeleteObjects: 0.237726 ms)

========================================================================
Received Prepare
Registering precompiled user dll's ...
Registered in 0.002965 seconds.
Begin MonoManager ReloadAssembly
Native extension for LinuxStandalone target not found
Native extension for WindowsStandalone target not found
Refreshing native plugins compatible for Editor in 2.49 ms, found 1 plugins.
Preloading 0 native plugins for Editor in 0.00 ms.
Mono: successfully reloaded assembly
- Completed reload, in  1.796 seconds
Platform modules already initialized, skipping
Refreshing native plugins compatible for Editor in 1.47 ms, found 1 plugins.
Preloading 0 native plugins for Editor in 0.00 ms.
Unloading 3371 Unused Serialized files (Serialized files now loaded: 0)
System memory in use before: 144.1 MB.
System memory in use after: 144.2 MB.

Unloading 17 unused Assets to reduce memory usage. Loaded Objects now: 3985.
Total: 9.244221 ms (FindLiveObjects: 1.442205 ms CreateObjectMapping: 0.463769 ms MarkObjects: 6.878593 ms  DeleteObjects: 0.452459 ms)

========================================================================
Received Prepare
Registering precompiled user dll's ...
Registered in 0.003455 seconds.
Begin MonoManager ReloadAssembly
Native extension for LinuxStandalone target not found
Native extension for WindowsStandalone target not found
Refreshing native plugins compatible for Editor in 1.99 ms, found 1 plugins.
Preloading 0 native plugins for Editor in 0.00 ms.
Mono: successfully reloaded assembly
- Completed reload, in  1.676 seconds
Platform modules already initialized, skipping
Refreshing native plugins compatible for Editor in 1.35 ms, found 1 plugins.
Preloading 0 native plugins for Editor in 0.00 ms.
Unloading 3371 Unused Serialized files (Serialized files now loaded: 0)
System memory in use before: 144.1 MB.
System memory in use after: 144.2 MB.

Unloading 17 unused Assets to reduce memory usage. Loaded Objects now: 3989.
Total: 9.562328 ms (FindLiveObjects: 1.483964 ms CreateObjectMapping: 0.418145 ms MarkObjects: 7.457208 ms  DeleteObjects: 0.192101 ms)

========================================================================
Received Prepare
Registering precompiled user dll's ...
Registered in 0.003149 seconds.
Begin MonoManager ReloadAssembly
Native extension for LinuxStandalone target not found
Native extension for WindowsStandalone target not found
Refreshing native plugins compatible for Editor in 1.06 ms, found 1 plugins.
Preloading 0 native plugins for Editor in 0.00 ms.
Mono: successfully reloaded assembly
- Completed reload, in  1.648 seconds
Platform modules already initialized, skipping
Refreshing native plugins compatible for Editor in 1.57 ms, found 1 plugins.
Preloading 0 native plugins for Editor in 0.00 ms.
Unloading 3371 Unused Serialized files (Serialized files now loaded: 0)
System memory in use before: 144.1 MB.
System memory in use after: 144.2 MB.

Unloading 17 unused Assets to reduce memory usage. Loaded Objects now: 3993.
Total: 9.761451 ms (FindLiveObjects: 0.899868 ms CreateObjectMapping: 0.312706 ms MarkObjects: 8.317473 ms  DeleteObjects: 0.227688 ms)

========================================================================
Received Prepare
Registering precompiled user dll's ...
Registered in 0.004825 seconds.
Begin MonoManager ReloadAssembly
Native extension for LinuxStandalone target not found
Native extension for WindowsStandalone target not found
Refreshing native plugins compatible for Editor in 2.00 ms, found 1 plugins.
Preloading 0 native plugins for Editor in 0.00 ms.
Mono: successfully reloaded assembly
- Completed reload, in  1.696 seconds
Platform modules already initialized, skipping
Refreshing native plugins compatible for Editor in 2.13 ms, found 1 plugins.
Preloading 0 native plugins for Editor in 0.00 ms.
Unloading 3371 Unused Serialized files (Serialized files now loaded: 0)
System memory in use before: 144.1 MB.
System memory in use after: 144.2 MB.

Unloading 17 unused Assets to reduce memory usage. Loaded Objects now: 3997.
Total: 6.401799 ms (FindLiveObjects: 0.871215 ms CreateObjectMapping: 0.539592 ms MarkObjects: 4.758416 ms  DeleteObjects: 0.229190 ms)

========================================================================
Received Prepare
Registering precompiled user dll's ...
Registered in 0.002555 seconds.
Begin MonoManager ReloadAssembly
Native extension for LinuxStandalone target not found
Native extension for WindowsStandalone target not found
Refreshing native plugins compatible for Editor in 1.13 ms, found 1 plugins.
Preloading 0 native plugins for Editor in 0.00 ms.
Mono: successfully reloaded assembly
- Completed reload, in  1.319 seconds
Platform modules already initialized, skipping
Refreshing native plugins compatible for Editor in 0.90 ms, found 1 plugins.
Preloading 0 native plugins for Editor in 0.00 ms.
Unloading 3371 Unused Serialized files (Serialized files now loaded: 0)
System memory in use before: 144.1 MB.
System memory in use after: 144.3 MB.

Unloading 17 unused Assets to reduce memory usage. Loaded Objects now: 4001.
Total: 6.886388 ms (FindLiveObjects: 0.452869 ms CreateObjectMapping: 0.109134 ms MarkObjects: 6.085856 ms  DeleteObjects: 0.235542 ms)

========================================================================
Received Prepare
Registering precompiled user dll's ...
Registered in 0.003970 seconds.
Begin MonoManager ReloadAssembly
Native extension for LinuxStandalone target not found
Native extension for WindowsStandalone target not found
Refreshing native plugins compatible for Editor in 1.08 ms, found 1 plugins.
Preloading 0 native plugins for Editor in 0.00 ms.
Mono: successfully reloaded assembly
- Completed reload, in  1.336 seconds
Platform modules already initialized, skipping
Refreshing native plugins compatible for Editor in 1.26 ms, found 1 plugins.
Preloading 0 native plugins for Editor in 0.00 ms.
Unloading 3371 Unused Serialized files (Serialized files now loaded: 0)
System memory in use before: 144.1 MB.
System memory in use after: 144.3 MB.

Unloading 17 unused Assets to reduce memory usage. Loaded Objects now: 4005.
Total: 6.038507 ms (FindLiveObjects: 0.506560 ms CreateObjectMapping: 0.152035 ms MarkObjects: 5.171571 ms  DeleteObjects: 0.205696 ms)

========================================================================
Received Prepare
Registering precompiled user dll's ...
Registered in 0.002681 seconds.
Begin MonoManager ReloadAssembly
Native extension for LinuxStandalone target not found
Native extension for WindowsStandalone target not found
Refreshing native plugins compatible for Editor in 0.87 ms, found 1 plugins.
Preloading 0 native plugins for Editor in 0.00 ms.
Mono: successfully reloaded assembly
- Completed reload, in  1.288 seconds
Platform modules already initialized, skipping
Refreshing native plugins compatible for Editor in 0.76 ms, found 1 plugins.
Preloading 0 native plugins for Editor in 0.00 ms.
Unloading 3371 Unused Serialized files (Serialized files now loaded: 0)
System memory in use before: 144.1 MB.
System memory in use after: 144.3 MB.

Unloading 17 unused Assets to reduce memory usage. Loaded Objects now: 4009.
Total: 4.763115 ms (FindLiveObjects: 0.671991 ms CreateObjectMapping: 0.127299 ms MarkObjects: 3.828131 ms  DeleteObjects: 0.131698 ms)

========================================================================
Received Prepare
Registering precompiled user dll's ...
Registered in 0.002991 seconds.
Begin MonoManager ReloadAssembly
Native extension for LinuxStandalone target not found
Native extension for WindowsStandalone target not found
Refreshing native plugins compatible for Editor in 0.78 ms, found 1 plugins.
Preloading 0 native plugins for Editor in 0.00 ms.
Mono: successfully reloaded assembly
- Completed reload, in  1.364 seconds
Platform modules already initialized, skipping
Refreshing native plugins compatible for Editor in 1.30 ms, found 1 plugins.
Preloading 0 native plugins for Editor in 0.00 ms.
Unloading 3371 Unused Serialized files (Serialized files now loaded: 0)
System memory in use before: 144.1 MB.
System memory in use after: 144.3 MB.

Unloading 17 unused Assets to reduce memory usage. Loaded Objects now: 4013.
Total: 5.394529 ms (FindLiveObjects: 0.648236 ms CreateObjectMapping: 0.153759 ms MarkObjects: 4.453875 ms  DeleteObjects: 0.135574 ms)

========================================================================
Received Prepare
Registering precompiled user dll's ...
Registered in 0.003637 seconds.
Begin MonoManager ReloadAssembly
Native extension for LinuxStandalone target not found
Native extension for WindowsStandalone target not found
Refreshing native plugins compatible for Editor in 0.74 ms, found 1 plugins.
Preloading 0 native plugins for Editor in 0.00 ms.
Mono: successfully reloaded assembly
- Completed reload, in  1.364 seconds
Platform modules already initialized, skipping
Refreshing native plugins compatible for Editor in 0.96 ms, found 1 plugins.
Preloading 0 native plugins for Editor in 0.00 ms.
Unloading 3371 Unused Serialized files (Serialized files now loaded: 0)
System memory in use before: 144.1 MB.
System memory in use after: 144.3 MB.

Unloading 17 unused Assets to reduce memory usage. Loaded Objects now: 4017.
Total: 6.477271 ms (FindLiveObjects: 0.545243 ms CreateObjectMapping: 0.195447 ms MarkObjects: 5.553437 ms  DeleteObjects: 0.180599 ms)

========================================================================
Received Prepare
Registering precompiled user dll's ...
Registered in 0.002861 seconds.
Begin MonoManager ReloadAssembly
Native extension for LinuxStandalone target not found
Native extension for WindowsStandalone target not found
Refreshing native plugins compatible for Editor in 0.75 ms, found 1 plugins.
Preloading 0 native plugins for Editor in 0.00 ms.
Mono: successfully reloaded assembly
- Completed reload, in  1.308 seconds
Platform modules already initialized, skipping
Refreshing native plugins compatible for Editor in 0.73 ms, found 1 plugins.
Preloading 0 native plugins for Editor in 0.00 ms.
Unloading 3371 Unused Serialized files (Serialized files now loaded: 0)
System memory in use before: 144.1 MB.
System memory in use after: 144.3 MB.

Unloading 17 unused Assets to reduce memory usage. Loaded Objects now: 4021.
Total: 5.619882 ms (FindLiveObjects: 0.530936 ms CreateObjectMapping: 0.123001 ms MarkObjects: 4.794995 ms  DeleteObjects: 0.167404 ms)

========================================================================
Received Prepare
Registering precompiled user dll's ...
Registered in 0.002964 seconds.
Begin MonoManager ReloadAssembly
Native extension for LinuxStandalone target not found
Native extension for WindowsStandalone target not found
Refreshing native plugins compatible for Editor in 0.83 ms, found 1 plugins.
Preloading 0 native plugins for Editor in 0.00 ms.
Mono: successfully reloaded assembly
- Completed reload, in  1.312 seconds
Platform modules already initialized, skipping
Refreshing native plugins compatible for Editor in 1.34 ms, found 1 plugins.
Preloading 0 native plugins for Editor in 0.00 ms.
Unloading 3371 Unused Serialized files (Serialized files now loaded: 0)
System memory in use before: 144.1 MB.
System memory in use after: 144.3 MB.

Unloading 17 unused Assets to reduce memory usage. Loaded Objects now: 4025.
Total: 5.293209 ms (FindLiveObjects: 0.371537 ms CreateObjectMapping: 0.092313 ms MarkObjects: 4.681192 ms  DeleteObjects: 0.146535 ms)

========================================================================
Received Prepare
Registering precompiled user dll's ...
Registered in 0.003214 seconds.
Begin MonoManager ReloadAssembly
Native extension for LinuxStandalone target not found
Native extension for WindowsStandalone target not found
Refreshing native plugins compatible for Editor in 0.82 ms, found 1 plugins.
Preloading 0 native plugins for Editor in 0.00 ms.
Mono: successfully reloaded assembly
- Completed reload, in  1.504 seconds
Platform modules already initialized, skipping
Refreshing native plugins compatible for Editor in 1.23 ms, found 1 plugins.
Preloading 0 native plugins for Editor in 0.00 ms.
Unloading 3371 Unused Serialized files (Serialized files now loaded: 0)
System memory in use before: 144.1 MB.
System memory in use after: 144.3 MB.

Unloading 17 unused Assets to reduce memory usage. Loaded Objects now: 4029.
Total: 6.108438 ms (FindLiveObjects: 0.569799 ms CreateObjectMapping: 0.109746 ms MarkObjects: 5.231463 ms  DeleteObjects: 0.193533 ms)

========================================================================
Received Prepare
Registering precompiled user dll's ...
Registered in 0.003870 seconds.
Begin MonoManager ReloadAssembly
Native extension for LinuxStandalone target not found
Native extension for WindowsStandalone target not found
Refreshing native plugins compatible for Editor in 1.77 ms, found 1 plugins.
Preloading 0 native plugins for Editor in 0.00 ms.
Mono: successfully reloaded assembly
- Completed reload, in  1.754 seconds
Platform modules already initialized, skipping
Refreshing native plugins compatible for Editor in 2.23 ms, found 1 plugins.
Preloading 0 native plugins for Editor in 0.00 ms.
Unloading 3371 Unused Serialized files (Serialized files now loaded: 0)
System memory in use before: 144.1 MB.
System memory in use after: 144.3 MB.

Unloading 17 unused Assets to reduce memory usage. Loaded Objects now: 4033.
Total: 10.619150 ms (FindLiveObjects: 0.802595 ms CreateObjectMapping: 0.150582 ms MarkObjects: 9.221278 ms  DeleteObjects: 0.438022 ms)

========================================================================
Received Prepare
Registering precompiled user dll's ...
Registered in 0.004264 seconds.
Begin MonoManager ReloadAssembly
Native extension for LinuxStandalone target not found
Native extension for WindowsStandalone target not found
Refreshing native plugins compatible for Editor in 1.60 ms, found 1 plugins.
Preloading 0 native plugins for Editor in 0.00 ms.
Mono: successfully reloaded assembly
- Completed reload, in  1.637 seconds
Platform modules already initialized, skipping
Refreshing native plugins compatible for Editor in 1.61 ms, found 1 plugins.
Preloading 0 native plugins for Editor in 0.00 ms.
Unloading 3371 Unused Serialized files (Serialized files now loaded: 0)
System memory in use before: 144.2 MB.
System memory in use after: 144.3 MB.

Unloading 17 unused Assets to reduce memory usage. Loaded Objects now: 4037.
Total: 6.940780 ms (FindLiveObjects: 0.701817 ms CreateObjectMapping: 0.193222 ms MarkObjects: 5.898305 ms  DeleteObjects: 0.144671 ms)

========================================================================
Received Prepare
Registering precompiled user dll's ...
Registered in 0.004779 seconds.
Begin MonoManager ReloadAssembly
Native extension for LinuxStandalone target not found
Native extension for WindowsStandalone target not found
Refreshing native plugins compatible for Editor in 2.02 ms, found 1 plugins.
Preloading 0 native plugins for Editor in 0.00 ms.
Mono: successfully reloaded assembly
- Completed reload, in  1.890 seconds
Platform modules already initialized, skipping
Refreshing native plugins compatible for Editor in 1.00 ms, found 1 plugins.
Preloading 0 native plugins for Editor in 0.00 ms.
Unloading 3371 Unused Serialized files (Serialized files now loaded: 0)
System memory in use before: 144.2 MB.
System memory in use after: 144.3 MB.

Unloading 17 unused Assets to reduce memory usage. Loaded Objects now: 4041.
Total: 7.204445 ms (FindLiveObjects: 0.658054 ms CreateObjectMapping: 0.170149 ms MarkObjects: 6.042345 ms  DeleteObjects: 0.329699 ms)

========================================================================
Received Prepare
Registering precompiled user dll's ...
Registered in 0.005124 seconds.
Begin MonoManager ReloadAssembly
Native extension for LinuxStandalone target not found
Native extension for WindowsStandalone target not found
Refreshing native plugins compatible for Editor in 2.44 ms, found 1 plugins.
Preloading 0 native plugins for Editor in 0.00 ms.
Mono: successfully reloaded assembly
- Completed reload, in  1.912 seconds
Platform modules already initialized, skipping
Refreshing native plugins compatible for Editor in 1.94 ms, found 1 plugins.
Preloading 0 native plugins for Editor in 0.00 ms.
Unloading 3371 Unused Serialized files (Serialized files now loaded: 0)
System memory in use before: 144.2 MB.
System memory in use after: 144.3 MB.

Unloading 17 unused Assets to reduce memory usage. Loaded Objects now: 4045.
Total: 11.617192 ms (FindLiveObjects: 0.919004 ms CreateObjectMapping: 0.254798 ms MarkObjects: 10.137136 ms  DeleteObjects: 0.299982 ms)

========================================================================
Received Prepare
Registering precompiled user dll's ...
Registered in 0.004278 seconds.
Begin MonoManager ReloadAssembly
Native extension for LinuxStandalone target not found
Native extension for WindowsStandalone target not found
Refreshing native plugins compatible for Editor in 2.74 ms, found 1 plugins.
Preloading 0 native plugins for Editor in 0.00 ms.
Mono: successfully reloaded assembly
- Completed reload, in  1.780 seconds
Platform modules already initialized, skipping
Refreshing native plugins compatible for Editor in 1.20 ms, found 1 plugins.
Preloading 0 native plugins for Editor in 0.00 ms.
Unloading 3371 Unused Serialized files (Serialized files now loaded: 0)
System memory in use before: 144.2 MB.
System memory in use after: 144.3 MB.

Unloading 17 unused Assets to reduce memory usage. Loaded Objects now: 4049.
Total: 12.313999 ms (FindLiveObjects: 0.953118 ms CreateObjectMapping: 0.983475 ms MarkObjects: 10.011890 ms  DeleteObjects: 0.361558 ms)

========================================================================
Received Prepare
Registering precompiled user dll's ...
Registered in 0.005659 seconds.
Begin MonoManager ReloadAssembly
Native extension for LinuxStandalone target not found
Native extension for WindowsStandalone target not found
Refreshing native plugins compatible for Editor in 1.48 ms, found 1 plugins.
Preloading 0 native plugins for Editor in 0.00 ms.
Mono: successfully reloaded assembly
- Completed reload, in  1.808 seconds
Platform modules already initialized, skipping
Refreshing native plugins compatible for Editor in 2.27 ms, found 1 plugins.
Preloading 0 native plugins for Editor in 0.00 ms.
Unloading 3371 Unused Serialized files (Serialized files now loaded: 0)
System memory in use before: 144.2 MB.
System memory in use after: 144.4 MB.

Unloading 17 unused Assets to reduce memory usage. Loaded Objects now: 4053.
Total: 11.370479 ms (FindLiveObjects: 1.840643 ms CreateObjectMapping: 0.838363 ms MarkObjects: 8.425745 ms  DeleteObjects: 0.256852 ms)

========================================================================
Received Prepare
Registering precompiled user dll's ...
Registered in 0.005771 seconds.
Begin MonoManager ReloadAssembly
Native extension for LinuxStandalone target not found
Native extension for WindowsStandalone target not found
Refreshing native plugins compatible for Editor in 1.98 ms, found 1 plugins.
Preloading 0 native plugins for Editor in 0.00 ms.
Mono: successfully reloaded assembly
- Completed reload, in  1.844 seconds
Platform modules already initialized, skipping
Refreshing native plugins compatible for Editor in 1.73 ms, found 1 plugins.
Preloading 0 native plugins for Editor in 0.00 ms.
Unloading 3371 Unused Serialized files (Serialized files now loaded: 0)
System memory in use before: 144.2 MB.
System memory in use after: 144.4 MB.

Unloading 17 unused Assets to reduce memory usage. Loaded Objects now: 4057.
Total: 11.668409 ms (FindLiveObjects: 1.027097 ms CreateObjectMapping: 0.432151 ms MarkObjects: 9.835800 ms  DeleteObjects: 0.367108 ms)

========================================================================
Received Prepare
Registering precompiled user dll's ...
Registered in 0.003390 seconds.
Begin MonoManager ReloadAssembly
Native extension for LinuxStandalone target not found
Native extension for WindowsStandalone target not found
Refreshing native plugins compatible for Editor in 1.60 ms, found 1 plugins.
Preloading 0 native plugins for Editor in 0.00 ms.
Mono: successfully reloaded assembly
- Completed reload, in  1.905 seconds
Platform modules already initialized, skipping
Refreshing native plugins compatible for Editor in 2.05 ms, found 1 plugins.
Preloading 0 native plugins for Editor in 0.00 ms.
Unloading 3371 Unused Serialized files (Serialized files now loaded: 0)
System memory in use before: 144.2 MB.
System memory in use after: 144.4 MB.

Unloading 17 unused Assets to reduce memory usage. Loaded Objects now: 4061.
Total: 11.964414 ms (FindLiveObjects: 1.347347 ms CreateObjectMapping: 0.383850 ms MarkObjects: 9.751102 ms  DeleteObjects: 0.473868 ms)

========================================================================
Received Prepare
Registering precompiled user dll's ...
Registered in 0.004785 seconds.
Begin MonoManager ReloadAssembly
Native extension for LinuxStandalone target not found
Native extension for WindowsStandalone target not found
Refreshing native plugins compatible for Editor in 1.04 ms, found 1 plugins.
Preloading 0 native plugins for Editor in 0.00 ms.
Mono: successfully reloaded assembly
- Completed reload, in  1.789 seconds
Platform modules already initialized, skipping
Refreshing native plugins compatible for Editor in 1.67 ms, found 1 plugins.
Preloading 0 native plugins for Editor in 0.00 ms.
Unloading 3371 Unused Serialized files (Serialized files now loaded: 0)
System memory in use before: 144.2 MB.
System memory in use after: 144.4 MB.

Unloading 17 unused Assets to reduce memory usage. Loaded Objects now: 4065.
Total: 5.753342 ms (FindLiveObjects: 0.905138 ms CreateObjectMapping: 0.132649 ms MarkObjects: 4.522223 ms  DeleteObjects: 0.189446 ms)

========================================================================
Received Prepare
Registering precompiled user dll's ...
Registered in 0.003638 seconds.
Begin MonoManager ReloadAssembly
Native extension for LinuxStandalone target not found
Native extension for WindowsStandalone target not found
Refreshing native plugins compatible for Editor in 1.85 ms, found 1 plugins.
Preloading 0 native plugins for Editor in 0.00 ms.
Mono: successfully reloaded assembly
- Completed reload, in  1.879 seconds
Platform modules already initialized, skipping
Refreshing native plugins compatible for Editor in 1.33 ms, found 1 plugins.
Preloading 0 native plugins for Editor in 0.00 ms.
Unloading 3371 Unused Serialized files (Serialized files now loaded: 0)
System memory in use before: 144.2 MB.
System memory in use after: 144.4 MB.

Unloading 17 unused Assets to reduce memory usage. Loaded Objects now: 4069.
Total: 8.725347 ms (FindLiveObjects: 0.921388 ms CreateObjectMapping: 0.106620 ms MarkObjects: 7.300885 ms  DeleteObjects: 0.391254 ms)

========================================================================
Received Prepare
Registering precompiled user dll's ...
Registered in 0.005130 seconds.
Begin MonoManager ReloadAssembly
Native extension for LinuxStandalone target not found
Native extension for WindowsStandalone target not found
Refreshing native plugins compatible for Editor in 1.65 ms, found 1 plugins.
Preloading 0 native plugins for Editor in 0.00 ms.
Mono: successfully reloaded assembly
- Completed reload, in  1.927 seconds
Platform modules already initialized, skipping
Refreshing native plugins compatible for Editor in 2.20 ms, found 1 plugins.
Preloading 0 native plugins for Editor in 0.00 ms.
Unloading 3371 Unused Serialized files (Serialized files now loaded: 0)
System memory in use before: 144.2 MB.
System memory in use after: 144.4 MB.

Unloading 17 unused Assets to reduce memory usage. Loaded Objects now: 4073.
Total: 5.562274 ms (FindLiveObjects: 0.681629 ms CreateObjectMapping: 0.112711 ms MarkObjects: 4.602303 ms  DeleteObjects: 0.161583 ms)

========================================================================
Received Prepare
Registering precompiled user dll's ...
Registered in 0.004404 seconds.
Begin MonoManager ReloadAssembly
Native extension for LinuxStandalone target not found
Native extension for WindowsStandalone target not found
Refreshing native plugins compatible for Editor in 1.58 ms, found 1 plugins.
Preloading 0 native plugins for Editor in 0.00 ms.
Mono: successfully reloaded assembly
- Completed reload, in  1.838 seconds
Platform modules already initialized, skipping
Refreshing native plugins compatible for Editor in 2.36 ms, found 1 plugins.
Preloading 0 native plugins for Editor in 0.00 ms.
Unloading 3371 Unused Serialized files (Serialized files now loaded: 0)
System memory in use before: 144.2 MB.
System memory in use after: 144.4 MB.

Unloading 17 unused Assets to reduce memory usage. Loaded Objects now: 4077.
Total: 13.122486 ms (FindLiveObjects: 2.761581 ms CreateObjectMapping: 0.957827 ms MarkObjects: 8.916065 ms  DeleteObjects: 0.481232 ms)

========================================================================
Received Prepare
Registering precompiled user dll's ...
Registered in 0.004335 seconds.
Begin MonoManager ReloadAssembly
Native extension for LinuxStandalone target not found
Native extension for WindowsStandalone target not found
Refreshing native plugins compatible for Editor in 1.83 ms, found 1 plugins.
Preloading 0 native plugins for Editor in 0.00 ms.
Mono: successfully reloaded assembly
- Completed reload, in  1.756 seconds
Platform modules already initialized, skipping
Refreshing native plugins compatible for Editor in 1.61 ms, found 1 plugins.
Preloading 0 native plugins for Editor in 0.00 ms.
Unloading 3371 Unused Serialized files (Serialized files now loaded: 0)
System memory in use before: 144.3 MB.
System memory in use after: 144.4 MB.

Unloading 17 unused Assets to reduce memory usage. Loaded Objects now: 4081.
Total: 9.522412 ms (FindLiveObjects: 0.974388 ms CreateObjectMapping: 0.392396 ms MarkObjects: 7.738437 ms  DeleteObjects: 0.411342 ms)

========================================================================
Received Prepare
Registering precompiled user dll's ...
Registered in 0.004967 seconds.
Begin MonoManager ReloadAssembly
Native extension for LinuxStandalone target not found
Native extension for WindowsStandalone target not found
Refreshing native plugins compatible for Editor in 1.77 ms, found 1 plugins.
Preloading 0 native plugins for Editor in 0.00 ms.
Mono: successfully reloaded assembly
- Completed reload, in  1.849 seconds
Platform modules already initialized, skipping
Refreshing native plugins compatible for Editor in 2.21 ms, found 1 plugins.
Preloading 0 native plugins for Editor in 0.00 ms.
Unloading 3371 Unused Serialized files (Serialized files now loaded: 0)
System memory in use before: 144.3 MB.
System memory in use after: 144.4 MB.

Unloading 17 unused Assets to reduce memory usage. Loaded Objects now: 4085.
Total: 8.439882 ms (FindLiveObjects: 1.603638 ms CreateObjectMapping: 0.508013 ms MarkObjects: 6.111033 ms  DeleteObjects: 0.212589 ms)

========================================================================
Received Prepare
Registering precompiled user dll's ...
Registered in 0.004461 seconds.
Begin MonoManager ReloadAssembly
Native extension for LinuxStandalone target not found
Native extension for WindowsStandalone target not found
Refreshing native plugins compatible for Editor in 2.08 ms, found 1 plugins.
Preloading 0 native plugins for Editor in 0.00 ms.
Mono: successfully reloaded assembly
- Completed reload, in  1.883 seconds
Platform modules already initialized, skipping
Refreshing native plugins compatible for Editor in 1.97 ms, found 1 plugins.
Preloading 0 native plugins for Editor in 0.00 ms.
Unloading 3371 Unused Serialized files (Serialized files now loaded: 0)
System memory in use before: 144.3 MB.
System memory in use after: 144.4 MB.

Unloading 17 unused Assets to reduce memory usage. Loaded Objects now: 4089.
Total: 7.851399 ms (FindLiveObjects: 0.658876 ms CreateObjectMapping: 0.163176 ms MarkObjects: 6.734703 ms  DeleteObjects: 0.291106 ms)

========================================================================
Received Prepare
Registering precompiled user dll's ...
Registered in 0.005746 seconds.
Begin MonoManager ReloadAssembly
Native extension for LinuxStandalone target not found
Native extension for WindowsStandalone target not found
Refreshing native plugins compatible for Editor in 1.08 ms, found 1 plugins.
Preloading 0 native plugins for Editor in 0.00 ms.
Mono: successfully reloaded assembly
- Completed reload, in  1.787 seconds
Platform modules already initialized, skipping
Refreshing native plugins compatible for Editor in 1.46 ms, found 1 plugins.
Preloading 0 native plugins for Editor in 0.00 ms.
Unloading 3371 Unused Serialized files (Serialized files now loaded: 0)
System memory in use before: 144.3 MB.
System memory in use after: 144.5 MB.

Unloading 17 unused Assets to reduce memory usage. Loaded Objects now: 4093.
Total: 9.527021 ms (FindLiveObjects: 1.447125 ms CreateObjectMapping: 0.852449 ms MarkObjects: 6.927455 ms  DeleteObjects: 0.293902 ms)

========================================================================
Received Prepare
Registering precompiled user dll's ...
Registered in 0.003095 seconds.
Begin MonoManager ReloadAssembly
Native extension for LinuxStandalone target not found
Native extension for WindowsStandalone target not found
Refreshing native plugins compatible for Editor in 2.03 ms, found 1 plugins.
Preloading 0 native plugins for Editor in 0.00 ms.
Mono: successfully reloaded assembly
- Completed reload, in  1.699 seconds
Platform modules already initialized, skipping
Refreshing native plugins compatible for Editor in 2.07 ms, found 1 plugins.
Preloading 0 native plugins for Editor in 0.00 ms.
Unloading 3371 Unused Serialized files (Serialized files now loaded: 0)
System memory in use before: 144.3 MB.
System memory in use after: 144.5 MB.

Unloading 17 unused Assets to reduce memory usage. Loaded Objects now: 4097.
Total: 8.640227 ms (FindLiveObjects: 0.879239 ms CreateObjectMapping: 0.439364 ms MarkObjects: 7.068149 ms  DeleteObjects: 0.247043 ms)

========================================================================
Received Prepare
Registering precompiled user dll's ...
Registered in 0.003824 seconds.
Begin MonoManager ReloadAssembly
Native extension for LinuxStandalone target not found
Native extension for WindowsStandalone target not found
Refreshing native plugins compatible for Editor in 2.11 ms, found 1 plugins.
Preloading 0 native plugins for Editor in 0.00 ms.
Mono: successfully reloaded assembly
- Completed reload, in  1.835 seconds
Platform modules already initialized, skipping
Refreshing native plugins compatible for Editor in 1.96 ms, found 1 plugins.
Preloading 0 native plugins for Editor in 0.00 ms.
Unloading 3371 Unused Serialized files (Serialized files now loaded: 0)
System memory in use before: 144.3 MB.
System memory in use after: 144.5 MB.

Unloading 17 unused Assets to reduce memory usage. Loaded Objects now: 4101.
Total: 10.053870 ms (FindLiveObjects: 1.294458 ms CreateObjectMapping: 0.426871 ms MarkObjects: 8.043368 ms  DeleteObjects: 0.283442 ms)

========================================================================
Received Prepare
Registering precompiled user dll's ...
Registered in 0.002798 seconds.
Begin MonoManager ReloadAssembly
Native extension for LinuxStandalone target not found
Native extension for WindowsStandalone target not found
Refreshing native plugins compatible for Editor in 0.91 ms, found 1 plugins.
Preloading 0 native plugins for Editor in 0.00 ms.
Mono: successfully reloaded assembly
- Completed reload, in  1.334 seconds
Platform modules already initialized, skipping
Refreshing native plugins compatible for Editor in 0.81 ms, found 1 plugins.
Preloading 0 native plugins for Editor in 0.00 ms.
Unloading 3371 Unused Serialized files (Serialized files now loaded: 0)
System memory in use before: 144.3 MB.
System memory in use after: 144.5 MB.

Unloading 17 unused Assets to reduce memory usage. Loaded Objects now: 4105.
Total: 5.944220 ms (FindLiveObjects: 0.629951 ms CreateObjectMapping: 0.141585 ms MarkObjects: 5.002694 ms  DeleteObjects: 0.167504 ms)

========================================================================
Received Prepare
Registering precompiled user dll's ...
Registered in 0.002928 seconds.
Begin MonoManager ReloadAssembly
Native extension for LinuxStandalone target not found
Native extension for WindowsStandalone target not found
Refreshing native plugins compatible for Editor in 2.76 ms, found 1 plugins.
Preloading 0 native plugins for Editor in 0.00 ms.
Mono: successfully reloaded assembly
- Completed reload, in  1.768 seconds
Platform modules already initialized, skipping
Refreshing native plugins compatible for Editor in 1.35 ms, found 1 plugins.
Preloading 0 native plugins for Editor in 0.00 ms.
Unloading 3371 Unused Serialized files (Serialized files now loaded: 0)
System memory in use before: 144.3 MB.
System memory in use after: 144.5 MB.

Unloading 17 unused Assets to reduce memory usage. Loaded Objects now: 4109.
Total: 9.627089 ms (FindLiveObjects: 1.484114 ms CreateObjectMapping: 0.465123 ms MarkObjects: 7.380965 ms  DeleteObjects: 0.288782 ms)

========================================================================
Received Prepare
Registering precompiled user dll's ...
Registered in 0.003845 seconds.
Begin MonoManager ReloadAssembly
Native extension for LinuxStandalone target not found
Native extension for WindowsStandalone target not found
Refreshing native plugins compatible for Editor in 1.63 ms, found 1 plugins.
Preloading 0 native plugins for Editor in 0.00 ms.
Mono: successfully reloaded assembly
- Completed reload, in  1.855 seconds
Platform modules already initialized, skipping
Refreshing native plugins compatible for Editor in 2.86 ms, found 1 plugins.
Preloading 0 native plugins for Editor in 0.00 ms.
Unloading 3371 Unused Serialized files (Serialized files now loaded: 0)
System memory in use before: 144.3 MB.
System memory in use after: 144.5 MB.

Unloading 17 unused Assets to reduce memory usage. Loaded Objects now: 4113.
Total: 11.046902 ms (FindLiveObjects: 1.507908 ms CreateObjectMapping: 0.806162 ms MarkObjects: 8.470510 ms  DeleteObjects: 0.257693 ms)

========================================================================
Received Prepare
Registering precompiled user dll's ...
Registered in 0.002792 seconds.
Begin MonoManager ReloadAssembly
Native extension for LinuxStandalone target not found
Native extension for WindowsStandalone target not found
Refreshing native plugins compatible for Editor in 1.53 ms, found 1 plugins.
Preloading 0 native plugins for Editor in 0.00 ms.
Mono: successfully reloaded assembly
- Completed reload, in  1.861 seconds
Platform modules already initialized, skipping
Refreshing native plugins compatible for Editor in 2.28 ms, found 1 plugins.
Preloading 0 native plugins for Editor in 0.00 ms.
Unloading 3371 Unused Serialized files (Serialized files now loaded: 0)
System memory in use before: 144.3 MB.
System memory in use after: 144.5 MB.

Unloading 17 unused Assets to reduce memory usage. Loaded Objects now: 4117.
Total: 7.496974 ms (FindLiveObjects: 0.756549 ms CreateObjectMapping: 0.150692 ms MarkObjects: 6.370761 ms  DeleteObjects: 0.212959 ms)

========================================================================
Received Prepare
Registering precompiled user dll's ...
Registered in 0.003491 seconds.
Begin MonoManager ReloadAssembly
Native extension for LinuxStandalone target not found
Native extension for WindowsStandalone target not found
Refreshing native plugins compatible for Editor in 2.04 ms, found 1 plugins.
Preloading 0 native plugins for Editor in 0.00 ms.
Mono: successfully reloaded assembly
- Completed reload, in  1.714 seconds
Platform modules already initialized, skipping
Refreshing native plugins compatible for Editor in 1.46 ms, found 1 plugins.
Preloading 0 native plugins for Editor in 0.00 ms.
Unloading 3371 Unused Serialized files (Serialized files now loaded: 0)
System memory in use before: 144.3 MB.
System memory in use after: 144.5 MB.

Unloading 17 unused Assets to reduce memory usage. Loaded Objects now: 4121.
Total: 10.419235 ms (FindLiveObjects: 1.544948 ms CreateObjectMapping: 0.745368 ms MarkObjects: 7.886514 ms  DeleteObjects: 0.233237 ms)

========================================================================
Received Prepare
Registering precompiled user dll's ...
Registered in 0.003616 seconds.
Begin MonoManager ReloadAssembly
Native extension for LinuxStandalone target not found
Native extension for WindowsStandalone target not found
Refreshing native plugins compatible for Editor in 3.11 ms, found 1 plugins.
Preloading 0 native plugins for Editor in 0.00 ms.
Mono: successfully reloaded assembly
- Completed reload, in  1.837 seconds
Platform modules already initialized, skipping
Refreshing native plugins compatible for Editor in 1.86 ms, found 1 plugins.
Preloading 0 native plugins for Editor in 0.00 ms.
Unloading 3371 Unused Serialized files (Serialized files now loaded: 0)
System memory in use before: 144.3 MB.
System memory in use after: 144.5 MB.

Unloading 17 unused Assets to reduce memory usage. Loaded Objects now: 4125.
Total: 11.824020 ms (FindLiveObjects: 1.533066 ms CreateObjectMapping: 0.514344 ms MarkObjects: 9.480575 ms  DeleteObjects: 0.287038 ms)

========================================================================
Received Prepare
Registering precompiled user dll's ...
Registered in 0.004054 seconds.
Begin MonoManager ReloadAssembly
Native extension for LinuxStandalone target not found
Native extension for WindowsStandalone target not found
Refreshing native plugins compatible for Editor in 1.30 ms, found 1 plugins.
Preloading 0 native plugins for Editor in 0.00 ms.
Mono: successfully reloaded assembly
- Completed reload, in  1.758 seconds
Platform modules already initialized, skipping
Refreshing native plugins compatible for Editor in 1.07 ms, found 1 plugins.
Preloading 0 native plugins for Editor in 0.00 ms.
Unloading 3371 Unused Serialized files (Serialized files now loaded: 0)
System memory in use before: 144.3 MB.
System memory in use after: 144.5 MB.

Unloading 17 unused Assets to reduce memory usage. Loaded Objects now: 4129.
Total: 9.470606 ms (FindLiveObjects: 0.937629 ms CreateObjectMapping: 0.244308 ms MarkObjects: 7.997542 ms  DeleteObjects: 0.283572 ms)

========================================================================
Received Prepare
Registering precompiled user dll's ...
Registered in 0.003898 seconds.
Begin MonoManager ReloadAssembly
Native extension for LinuxStandalone target not found
Native extension for WindowsStandalone target not found
Refreshing native plugins compatible for Editor in 1.89 ms, found 1 plugins.
Preloading 0 native plugins for Editor in 0.00 ms.
Mono: successfully reloaded assembly
- Completed reload, in  1.820 seconds
Platform modules already initialized, skipping
Refreshing native plugins compatible for Editor in 2.30 ms, found 1 plugins.
Preloading 0 native plugins for Editor in 0.00 ms.
Unloading 3371 Unused Serialized files (Serialized files now loaded: 0)
System memory in use before: 144.3 MB.
System memory in use after: 144.5 MB.

Unloading 17 unused Assets to reduce memory usage. Loaded Objects now: 4133.
Total: 13.489574 ms (FindLiveObjects: 1.344783 ms CreateObjectMapping: 0.904777 ms MarkObjects: 10.938018 ms  DeleteObjects: 0.296426 ms)

========================================================================
Received Prepare
Registering precompiled user dll's ...
Registered in 0.005709 seconds.
Begin MonoManager ReloadAssembly
Native extension for LinuxStandalone target not found
Native extension for WindowsStandalone target not found
Refreshing native plugins compatible for Editor in 1.48 ms, found 1 plugins.
Preloading 0 native plugins for Editor in 0.00 ms.
Mono: successfully reloaded assembly
- Completed reload, in  1.695 seconds
Platform modules already initialized, skipping
Refreshing native plugins compatible for Editor in 1.63 ms, found 1 plugins.
Preloading 0 native plugins for Editor in 0.00 ms.
Unloading 3371 Unused Serialized files (Serialized files now loaded: 0)
System memory in use before: 144.4 MB.
System memory in use after: 144.5 MB.

Unloading 17 unused Assets to reduce memory usage. Loaded Objects now: 4137.
Total: 10.482383 ms (FindLiveObjects: 1.036704 ms CreateObjectMapping: 0.635902 ms MarkObjects: 8.562141 ms  DeleteObjects: 0.243366 ms)

========================================================================
Received Prepare
Registering precompiled user dll's ...
Registered in 0.004004 seconds.
Begin MonoManager ReloadAssembly
Native extension for LinuxStandalone target not found
Native extension for WindowsStandalone target not found
Refreshing native plugins compatible for Editor in 2.36 ms, found 1 plugins.
Preloading 0 native plugins for Editor in 0.00 ms.
Mono: successfully reloaded assembly
- Completed reload, in  1.564 seconds
Platform modules already initialized, skipping
Refreshing native plugins compatible for Editor in 1.05 ms, found 1 plugins.
Preloading 0 native plugins for Editor in 0.00 ms.
Unloading 3371 Unused Serialized files (Serialized files now loaded: 0)
System memory in use before: 144.4 MB.
System memory in use after: 144.5 MB.

Unloading 17 unused Assets to reduce memory usage. Loaded Objects now: 4141.
Total: 5.676949 ms (FindLiveObjects: 0.769554 ms CreateObjectMapping: 0.177784 ms MarkObjects: 4.570032 ms  DeleteObjects: 0.155512 ms)

========================================================================
Received Prepare
Registering precompiled user dll's ...
Registered in 0.003925 seconds.
Begin MonoManager ReloadAssembly
Native extension for LinuxStandalone target not found
Native extension for WindowsStandalone target not found
Refreshing native plugins compatible for Editor in 2.21 ms, found 1 plugins.
Preloading 0 native plugins for Editor in 0.00 ms.
Mono: successfully reloaded assembly
- Completed reload, in  1.726 seconds
Platform modules already initialized, skipping
Refreshing native plugins compatible for Editor in 1.43 ms, found 1 plugins.
Preloading 0 native plugins for Editor in 0.00 ms.
Unloading 3371 Unused Serialized files (Serialized files now loaded: 0)
System memory in use before: 144.4 MB.
System memory in use after: 144.5 MB.

Unloading 17 unused Assets to reduce memory usage. Loaded Objects now: 4145.
Total: 7.159851 ms (FindLiveObjects: 1.242141 ms CreateObjectMapping: 0.290364 ms MarkObjects: 5.400691 ms  DeleteObjects: 0.223118 ms)

========================================================================
Received Prepare
Registering precompiled user dll's ...
Registered in 0.004616 seconds.
Begin MonoManager ReloadAssembly
Native extension for LinuxStandalone target not found
Native extension for WindowsStandalone target not found
Refreshing native plugins compatible for Editor in 1.12 ms, found 1 plugins.
Preloading 0 native plugins for Editor in 0.00 ms.
Mono: successfully reloaded assembly
- Completed reload, in  1.534 seconds
Platform modules already initialized, skipping
Refreshing native plugins compatible for Editor in 1.08 ms, found 1 plugins.
Preloading 0 native plugins for Editor in 0.00 ms.
Unloading 3371 Unused Serialized files (Serialized files now loaded: 0)
System memory in use before: 144.4 MB.
System memory in use after: 144.6 MB.

Unloading 17 unused Assets to reduce memory usage. Loaded Objects now: 4149.
Total: 8.830073 ms (FindLiveObjects: 0.675727 ms CreateObjectMapping: 0.154460 ms MarkObjects: 7.794601 ms  DeleteObjects: 0.201538 ms)

========================================================================
Received Prepare
Registering precompiled user dll's ...
Registered in 0.005621 seconds.
Begin MonoManager ReloadAssembly
Native extension for LinuxStandalone target not found
Native extension for WindowsStandalone target not found
Refreshing native plugins compatible for Editor in 2.19 ms, found 1 plugins.
Preloading 0 native plugins for Editor in 0.00 ms.
Mono: successfully reloaded assembly
- Completed reload, in  1.788 seconds
Platform modules already initialized, skipping
Refreshing native plugins compatible for Editor in 1.55 ms, found 1 plugins.
Preloading 0 native plugins for Editor in 0.00 ms.
Unloading 3371 Unused Serialized files (Serialized files now loaded: 0)
System memory in use before: 144.4 MB.
System memory in use after: 144.6 MB.

Unloading 17 unused Assets to reduce memory usage. Loaded Objects now: 4153.
Total: 9.318560 ms (FindLiveObjects: 1.177408 ms CreateObjectMapping: 0.653336 ms MarkObjects: 7.280237 ms  DeleteObjects: 0.203181 ms)

========================================================================
Received Prepare
Registering precompiled user dll's ...
Registered in 0.004248 seconds.
Begin MonoManager ReloadAssembly
Native extension for LinuxStandalone target not found
Native extension for WindowsStandalone target not found
Refreshing native plugins compatible for Editor in 1.26 ms, found 1 plugins.
Preloading 0 native plugins for Editor in 0.00 ms.
Mono: successfully reloaded assembly
- Completed reload, in  1.764 seconds
Platform modules already initialized, skipping
Refreshing native plugins compatible for Editor in 2.13 ms, found 1 plugins.
Preloading 0 native plugins for Editor in 0.00 ms.
Unloading 3371 Unused Serialized files (Serialized files now loaded: 0)
System memory in use before: 144.4 MB.
System memory in use after: 144.6 MB.

Unloading 17 unused Assets to reduce memory usage. Loaded Objects now: 4157.
Total: 10.749424 ms (FindLiveObjects: 1.034912 ms CreateObjectMapping: 0.189305 ms MarkObjects: 9.027815 ms  DeleteObjects: 0.491011 ms)

========================================================================
Received Prepare
Registering precompiled user dll's ...
Registered in 0.003560 seconds.
Begin MonoManager ReloadAssembly
Native extension for LinuxStandalone target not found
Native extension for WindowsStandalone target not found
Refreshing native plugins compatible for Editor in 0.83 ms, found 1 plugins.
Preloading 0 native plugins for Editor in 0.00 ms.
Mono: successfully reloaded assembly
- Completed reload, in  1.436 seconds
Platform modules already initialized, skipping
Refreshing native plugins compatible for Editor in 0.91 ms, found 1 plugins.
Preloading 0 native plugins for Editor in 0.00 ms.
Unloading 3371 Unused Serialized files (Serialized files now loaded: 0)
System memory in use before: 144.4 MB.
System memory in use after: 144.6 MB.

Unloading 17 unused Assets to reduce memory usage. Loaded Objects now: 4161.
Total: 12.274365 ms (FindLiveObjects: 0.607920 ms CreateObjectMapping: 0.165170 ms MarkObjects: 11.316829 ms  DeleteObjects: 0.181130 ms)

========================================================================
Received Prepare
Registering precompiled user dll's ...
Registered in 0.002695 seconds.
Begin MonoManager ReloadAssembly
Native extension for LinuxStandalone target not found
Native extension for WindowsStandalone target not found
Refreshing native plugins compatible for Editor in 0.95 ms, found 1 plugins.
Preloading 0 native plugins for Editor in 0.00 ms.
Mono: successfully reloaded assembly
- Completed reload, in  1.374 seconds
Platform modules already initialized, skipping
Refreshing native plugins compatible for Editor in 1.02 ms, found 1 plugins.
Preloading 0 native plugins for Editor in 0.00 ms.
Unloading 3371 Unused Serialized files (Serialized files now loaded: 0)
System memory in use before: 144.4 MB.
System memory in use after: 144.6 MB.

Unloading 17 unused Assets to reduce memory usage. Loaded Objects now: 4165.
Total: 5.700173 ms (FindLiveObjects: 0.490931 ms CreateObjectMapping: 0.096561 ms MarkObjects: 4.901044 ms  DeleteObjects: 0.207278 ms)

========================================================================
Received Prepare
Registering precompiled user dll's ...
Registered in 0.002738 seconds.
Begin MonoManager ReloadAssembly
Native extension for LinuxStandalone target not found
Native extension for WindowsStandalone target not found
Refreshing native plugins compatible for Editor in 0.98 ms, found 1 plugins.
Preloading 0 native plugins for Editor in 0.00 ms.
Mono: successfully reloaded assembly
- Completed reload, in  1.438 seconds
Platform modules already initialized, skipping
Refreshing native plugins compatible for Editor in 0.93 ms, found 1 plugins.
Preloading 0 native plugins for Editor in 0.00 ms.
Unloading 3371 Unused Serialized files (Serialized files now loaded: 0)
System memory in use before: 144.4 MB.
System memory in use after: 144.6 MB.

Unloading 17 unused Assets to reduce memory usage. Loaded Objects now: 4169.
Total: 4.949044 ms (FindLiveObjects: 0.769663 ms CreateObjectMapping: 0.107952 ms MarkObjects: 3.908742 ms  DeleteObjects: 0.160130 ms)

========================================================================
Received Prepare
Registering precompiled user dll's ...
Registered in 0.002821 seconds.
Begin MonoManager ReloadAssembly
Native extension for LinuxStandalone target not found
Native extension for WindowsStandalone target not found
Refreshing native plugins compatible for Editor in 1.30 ms, found 1 plugins.
Preloading 0 native plugins for Editor in 0.00 ms.
Mono: successfully reloaded assembly
- Completed reload, in  1.352 seconds
Platform modules already initialized, skipping
Refreshing native plugins compatible for Editor in 1.23 ms, found 1 plugins.
Preloading 0 native plugins for Editor in 0.00 ms.
Unloading 3371 Unused Serialized files (Serialized files now loaded: 0)
System memory in use before: 144.4 MB.
System memory in use after: 144.6 MB.

Unloading 17 unused Assets to reduce memory usage. Loaded Objects now: 4173.
Total: 5.112280 ms (FindLiveObjects: 0.641794 ms CreateObjectMapping: 0.130995 ms MarkObjects: 4.149234 ms  DeleteObjects: 0.186600 ms)

